2023-12-19 12:10:10,370 INFO o.a.j.u.JMeterUtils: Setting Locale to en_EN
2023-12-19 12:10:10,391 INFO o.a.j.JMeter: Loading user properties from: user.properties
2023-12-19 12:10:10,392 INFO o.a.j.JMeter: Loading system properties from: system.properties
2023-12-19 12:10:10,399 INFO o.a.j.JMeter: Copyright (c) 1998-2022 The Apache Software Foundation
2023-12-19 12:10:10,399 INFO o.a.j.JMeter: Version 5.5
2023-12-19 12:10:10,399 INFO o.a.j.JMeter: java.version=17.0.6
2023-12-19 12:10:10,399 INFO o.a.j.JMeter: java.vm.name=Java HotSpot(TM) 64-Bit Server VM
2023-12-19 12:10:10,399 INFO o.a.j.JMeter: os.name=Windows 10
2023-12-19 12:10:10,400 INFO o.a.j.JMeter: os.arch=amd64
2023-12-19 12:10:10,400 INFO o.a.j.JMeter: os.version=10.0
2023-12-19 12:10:10,400 INFO o.a.j.JMeter: file.encoding=Cp1252
2023-12-19 12:10:10,400 INFO o.a.j.JMeter: java.awt.headless=null
2023-12-19 12:10:10,400 INFO o.a.j.JMeter: Max memory     =1073741824
2023-12-19 12:10:10,400 INFO o.a.j.JMeter: Available Processors =20
2023-12-19 12:10:10,408 INFO o.a.j.JMeter: Default Locale=English (EN)
2023-12-19 12:10:10,408 INFO o.a.j.JMeter: JMeter  Locale=English (EN)
2023-12-19 12:10:10,408 INFO o.a.j.JMeter: JMeterHome=C:\Users\fahim.abbas\Downloads\apache-jmeter-5.5\apache-jmeter-5.5
2023-12-19 12:10:10,408 INFO o.a.j.JMeter: user.dir  =C:\Users\fahim.abbas\Downloads\apache-jmeter-5.5\apache-jmeter-5.5\bin
2023-12-19 12:10:10,409 INFO o.a.j.JMeter: PWD       =C:\Users\fahim.abbas\Downloads\apache-jmeter-5.5\apache-jmeter-5.5\bin
2023-12-19 12:10:10,410 INFO o.a.j.JMeter: IP: 172.25.30.84 Name: P2ELT22 FullName: P2ELT22.P2E.COM
2023-12-19 12:10:10,417 INFO o.a.j.JMeter: Loaded icon properties from org/apache/jmeter/images/icon.properties
2023-12-19 12:10:10,598 INFO o.a.j.JMeterGuiLauncher: Setting LAF to: com.github.weisj.darklaf.DarkLaf:com.github.weisj.darklaf.theme.DarculaTheme
2023-12-19 12:10:11,932 WARN o.j.r.PluginManager: Found JAR conflict: C:\Users\fahim.abbas\Downloads\apache-jmeter-5.5\apache-jmeter-5.5\lib\ext\jmeter-plugins-manager-1.9.jar and C:\Users\fahim.abbas\Downloads\apache-jmeter-5.5\apache-jmeter-5.5\lib\ext\jmeter-plugins-manager-1.10.jar
2023-12-19 12:10:12,104 INFO o.j.r.JARSourceHTTP: Requesting https://jmeter-plugins.org/repo/?installID=windows_10-c584daf5e18b651be7100de2480cde49-gui
2023-12-19 12:10:15,616 INFO o.j.r.PluginManager: Plugins Status: [jpgc-plugins-manager=1.10, bzm-random-csv=0.8, jpgc-webdriver=4.10.0.0, jmeter-core=5.5, jmeter-ftp=5.5, jmeter-http=5.5, jmeter-jdbc=5.5, jmeter-jms=5.5, jmeter-junit=5.5, jmeter-java=5.5, jmeter-ldap=5.5, jmeter-mail=5.5, jmeter-mongodb=5.5, jmeter-native=5.5, jmeter-tcp=5.5, jmeter-components=5.5]
2023-12-19 12:10:15,617 INFO o.j.r.PluginManagerMenuItem: Plugins Manager has upgrades: [jpgc-webdriver]
2023-12-19 12:13:32,815 INFO o.a.j.e.KeyToolUtils: keytool found at 'keytool'
2023-12-19 12:13:32,816 INFO o.a.j.p.h.p.ProxyControl: HTTP(S) Test Script Recorder SSL Proxy will use keys that support embedded 3rd party resources in file C:\Users\fahim.abbas\Downloads\apache-jmeter-5.5\apache-jmeter-5.5\bin\proxyserver.jks
2023-12-19 12:16:38,862 INFO o.a.j.e.u.CompoundVariable: Note: Function class names must contain the string: '.functions.'
2023-12-19 12:16:38,863 INFO o.a.j.e.u.CompoundVariable: Note: Function class names must not contain the string: '.gui.'
2023-12-19 12:16:39,028 WARN o.a.j.p.h.p.ProxyControl: Existing ROOT Certificate has expired, a new one will be created, ensure you install it in browser, message: NotAfter: Fri Dec 01 12:43:19 IST 2023
java.security.cert.CertificateExpiredException: NotAfter: Fri Dec 01 12:43:19 IST 2023
	at sun.security.x509.CertificateValidity.valid(CertificateValidity.java:277) ~[?:?]
	at sun.security.x509.X509CertImpl.checkValidity(X509CertImpl.java:619) ~[?:?]
	at org.apache.jmeter.protocol.http.proxy.ProxyControl.initDynamicKeyStore(ProxyControl.java:1576) ~[ApacheJMeter_http.jar:5.5]
	at org.apache.jmeter.protocol.http.proxy.ProxyControl.initKeyStore(ProxyControl.java:1520) ~[ApacheJMeter_http.jar:5.5]
	at org.apache.jmeter.protocol.http.proxy.ProxyControl.startProxy(ProxyControl.java:527) ~[ApacheJMeter_http.jar:5.5]
	at org.apache.jmeter.protocol.http.proxy.gui.ProxyControlGui.startProxy(ProxyControlGui.java:623) ~[ApacheJMeter_http.jar:5.5]
	at org.apache.jmeter.protocol.http.proxy.gui.ProxyControlGui.actionPerformed(ProxyControlGui.java:463) ~[ApacheJMeter_http.jar:5.5]
	at javax.swing.AbstractButton.fireActionPerformed(AbstractButton.java:1972) ~[?:?]
	at javax.swing.AbstractButton$Handler.actionPerformed(AbstractButton.java:2313) ~[?:?]
	at javax.swing.DefaultButtonModel.fireActionPerformed(DefaultButtonModel.java:405) ~[?:?]
	at javax.swing.DefaultButtonModel.setPressed(DefaultButtonModel.java:262) ~[?:?]
	at javax.swing.plaf.basic.BasicButtonListener.mouseReleased(BasicButtonListener.java:279) ~[?:?]
	at com.github.weisj.darklaf.ui.button.DarkButtonListener.mouseReleased(DarkButtonListener.java:72) ~[darklaf-core-2.7.3.jar:2.7.3]
	at java.awt.Component.processMouseEvent(Component.java:6626) ~[?:?]
	at javax.swing.JComponent.processMouseEvent(JComponent.java:3389) ~[?:?]
	at java.awt.Component.processEvent(Component.java:6391) ~[?:?]
	at java.awt.Container.processEvent(Container.java:2266) ~[?:?]
	at java.awt.Component.dispatchEventImpl(Component.java:5001) ~[?:?]
	at java.awt.Container.dispatchEventImpl(Container.java:2324) ~[?:?]
	at java.awt.Component.dispatchEvent(Component.java:4833) ~[?:?]
	at java.awt.LightweightDispatcher.retargetMouseEvent(Container.java:4948) ~[?:?]
	at java.awt.LightweightDispatcher.processMouseEvent(Container.java:4575) ~[?:?]
	at java.awt.LightweightDispatcher.dispatchEvent(Container.java:4516) ~[?:?]
	at java.awt.Container.dispatchEventImpl(Container.java:2310) ~[?:?]
	at java.awt.Window.dispatchEventImpl(Window.java:2780) ~[?:?]
	at java.awt.Component.dispatchEvent(Component.java:4833) ~[?:?]
	at java.awt.EventQueue.dispatchEventImpl(EventQueue.java:773) ~[?:?]
	at java.awt.EventQueue$4.run(EventQueue.java:722) ~[?:?]
	at java.awt.EventQueue$4.run(EventQueue.java:716) ~[?:?]
	at java.security.AccessController.doPrivileged(AccessController.java:399) ~[?:?]
	at java.security.ProtectionDomain$JavaSecurityAccessImpl.doIntersectionPrivilege(ProtectionDomain.java:86) ~[?:?]
	at java.security.ProtectionDomain$JavaSecurityAccessImpl.doIntersectionPrivilege(ProtectionDomain.java:97) ~[?:?]
	at java.awt.EventQueue$5.run(EventQueue.java:746) ~[?:?]
	at java.awt.EventQueue$5.run(EventQueue.java:744) ~[?:?]
	at java.security.AccessController.doPrivileged(AccessController.java:399) ~[?:?]
	at java.security.ProtectionDomain$JavaSecurityAccessImpl.doIntersectionPrivilege(ProtectionDomain.java:86) ~[?:?]
	at java.awt.EventQueue.dispatchEvent(EventQueue.java:743) ~[?:?]
	at java.awt.EventDispatchThread.pumpOneEventForFilters(EventDispatchThread.java:203) ~[?:?]
	at java.awt.EventDispatchThread.pumpEventsForFilter(EventDispatchThread.java:124) ~[?:?]
	at java.awt.EventDispatchThread.pumpEventsForHierarchy(EventDispatchThread.java:113) ~[?:?]
	at java.awt.EventDispatchThread.pumpEvents(EventDispatchThread.java:109) ~[?:?]
	at java.awt.EventDispatchThread.pumpEvents(EventDispatchThread.java:101) ~[?:?]
	at java.awt.EventDispatchThread.run(EventDispatchThread.java:90) ~[?:?]
2023-12-19 12:16:39,058 INFO o.a.j.p.h.p.ProxyControl: Creating HTTP(S) Test Script Recorder Root CA in C:\Users\fahim.abbas\Downloads\apache-jmeter-5.5\apache-jmeter-5.5\bin\proxyserver.jks, ensure you install certificate in your Browser for recording
2023-12-19 12:16:42,600 INFO o.a.j.p.h.p.ProxyControl: Created keystore in C:\Users\fahim.abbas\Downloads\apache-jmeter-5.5\apache-jmeter-5.5\bin\proxyserver.jks
2023-12-19 12:16:42,617 INFO o.a.j.p.h.p.Daemon: Creating Daemon Socket on port: 8888
2023-12-19 12:16:42,620 INFO o.a.j.p.h.p.Daemon: Test Script Recorder up and running!
2023-12-19 12:17:10,240 INFO o.a.j.p.h.p.Proxy: Proxy will remove the headers: If-Modified-Since,If-None-Match,Host
2023-12-19 12:17:10,246 INFO o.a.j.p.h.s.HTTPSamplerBase: Parser for text/html is org.apache.jmeter.protocol.http.parser.LagartoBasedHtmlParser
2023-12-19 12:17:10,246 INFO o.a.j.p.h.s.HTTPSamplerBase: Parser for application/xhtml+xml is org.apache.jmeter.protocol.http.parser.LagartoBasedHtmlParser
2023-12-19 12:17:10,246 INFO o.a.j.p.h.s.HTTPSamplerBase: Parser for application/xml is org.apache.jmeter.protocol.http.parser.LagartoBasedHtmlParser
2023-12-19 12:17:10,246 INFO o.a.j.p.h.s.HTTPSamplerBase: Parser for text/xml is org.apache.jmeter.protocol.http.parser.LagartoBasedHtmlParser
2023-12-19 12:17:10,246 INFO o.a.j.p.h.s.HTTPSamplerBase: Parser for text/vnd.wap.wml is org.apache.jmeter.protocol.http.parser.RegexpHTMLParser
2023-12-19 12:17:10,246 INFO o.a.j.p.h.s.HTTPSamplerBase: Parser for text/css is org.apache.jmeter.protocol.http.parser.CssParser
2023-12-19 12:17:10,295 INFO o.a.j.p.h.s.HTTPHCAbstractImpl: Local host = P2ELT22
2023-12-19 12:17:10,298 INFO o.a.j.p.h.s.HTTPHC4Impl: HTTP request retry count = 0
2023-12-19 12:17:10,298 INFO o.a.j.s.SampleResult: Note: Sample TimeStamps are START times
2023-12-19 12:17:10,298 INFO o.a.j.s.SampleResult: sampleresult.default.encoding is set to ISO-8859-1
2023-12-19 12:17:10,298 INFO o.a.j.s.SampleResult: sampleresult.useNanoTime=true
2023-12-19 12:17:10,299 INFO o.a.j.s.SampleResult: sampleresult.nanoThreadSleep=5000
2023-12-19 12:17:11,258 INFO o.a.j.s.SampleEvent: List of sample_variables: []
2023-12-19 12:17:11,355 INFO o.a.j.p.h.p.ProxyControl: Add sample /v1/nftm/mint-1 into controller 
2023-12-19 12:17:22,561 INFO o.a.j.p.h.p.ProxyControl: Add sample /v1/nftm/mint-2 into controller 
2023-12-19 12:17:27,933 INFO o.a.j.p.h.p.Daemon: HTTP(S) Test Script Recorder stopped
2023-12-19 12:25:53,411 INFO o.a.j.v.ViewResultsFullVisualizer: Add JavaFX to your Java installation if you want to use renderer: org.apache.jmeter.visualizers.RenderInBrowser
2023-12-19 12:26:47,189 INFO o.a.j.s.FileServer: Default base='C:\Users\fahim.abbas\Downloads\apache-jmeter-5.5\apache-jmeter-5.5\bin'
2023-12-19 12:26:47,191 INFO o.a.j.s.FileServer: Set new base='C:\Users\fahim.abbas\Downloads\apache-jmeter-5.5\apache-jmeter-5.5\bin'
2023-12-19 12:26:47,350 INFO o.a.j.s.SaveService: Testplan (JMX) version: 2.2. Testlog (JTL) version: 2.2
2023-12-19 12:26:47,361 INFO o.a.j.s.SaveService: Using SaveService properties version 5.0
2023-12-19 12:26:47,366 INFO o.a.j.s.SaveService: Using SaveService properties file encoding UTF-8
2023-12-19 12:26:55,154 INFO o.a.j.e.StandardJMeterEngine: Running the test!
2023-12-19 12:26:55,155 INFO o.a.j.s.SampleEvent: List of sample_variables: []
2023-12-19 12:26:55,159 INFO o.a.j.g.u.JMeterMenuBar: setRunning(true, *local*)
2023-12-19 12:26:55,262 INFO o.a.j.e.StandardJMeterEngine: Starting ThreadGroup: 1 : Thread Group
2023-12-19 12:26:55,262 INFO o.a.j.e.StandardJMeterEngine: Starting 1 threads for group Thread Group.
2023-12-19 12:26:55,262 INFO o.a.j.e.StandardJMeterEngine: Thread will continue on error
2023-12-19 12:26:55,262 INFO o.a.j.t.ThreadGroup: Starting thread group... number=1 threads=1 ramp-up=1 delayedStart=false
2023-12-19 12:26:55,265 INFO o.a.j.t.ThreadGroup: Started thread group number 1
2023-12-19 12:26:55,265 INFO o.a.j.e.StandardJMeterEngine: All thread groups have been started
2023-12-19 12:26:55,266 INFO o.a.j.t.JMeterThread: Thread started: Thread Group 1-1
2023-12-19 12:26:55,926 INFO o.a.j.t.JMeterThread: Thread is done: Thread Group 1-1
2023-12-19 12:26:55,926 INFO o.a.j.t.JMeterThread: Thread finished: Thread Group 1-1
2023-12-19 12:26:55,927 INFO o.a.j.e.StandardJMeterEngine: Notifying test listeners of end of test
2023-12-19 12:26:55,927 INFO o.a.j.g.u.JMeterMenuBar: setRunning(false, *local*)
2023-12-19 12:32:19,513 INFO o.a.j.e.StandardJMeterEngine: Running the test!
2023-12-19 12:32:19,513 INFO o.a.j.s.SampleEvent: List of sample_variables: []
2023-12-19 12:32:19,514 INFO o.a.j.g.u.JMeterMenuBar: setRunning(true, *local*)
2023-12-19 12:32:19,610 INFO o.a.j.e.StandardJMeterEngine: Starting ThreadGroup: 1 : Thread Group
2023-12-19 12:32:19,610 INFO o.a.j.e.StandardJMeterEngine: Starting 4 threads for group Thread Group.
2023-12-19 12:32:19,610 INFO o.a.j.e.StandardJMeterEngine: Thread will continue on error
2023-12-19 12:32:19,610 INFO o.a.j.t.ThreadGroup: Starting thread group... number=1 threads=4 ramp-up=1 delayedStart=false
2023-12-19 12:32:19,612 INFO o.a.j.t.JMeterThread: Thread started: Thread Group 1-1
2023-12-19 12:32:19,612 INFO o.a.j.t.ThreadGroup: Started thread group number 1
2023-12-19 12:32:19,612 INFO o.a.j.e.StandardJMeterEngine: All thread groups have been started
2023-12-19 12:32:19,861 INFO o.a.j.t.JMeterThread: Thread started: Thread Group 1-2
2023-12-19 12:32:20,090 INFO o.a.j.t.JMeterThread: Thread is done: Thread Group 1-1
2023-12-19 12:32:20,090 INFO o.a.j.t.JMeterThread: Thread finished: Thread Group 1-1
2023-12-19 12:32:20,111 INFO o.a.j.t.JMeterThread: Thread started: Thread Group 1-3
2023-12-19 12:32:20,319 INFO o.a.j.t.JMeterThread: Thread is done: Thread Group 1-2
2023-12-19 12:32:20,319 INFO o.a.j.t.JMeterThread: Thread finished: Thread Group 1-2
2023-12-19 12:32:20,362 INFO o.a.j.t.JMeterThread: Thread started: Thread Group 1-4
2023-12-19 12:32:20,685 INFO o.a.j.t.JMeterThread: Thread is done: Thread Group 1-3
2023-12-19 12:32:20,685 INFO o.a.j.t.JMeterThread: Thread finished: Thread Group 1-3
2023-12-19 12:32:20,922 INFO o.a.j.t.JMeterThread: Thread is done: Thread Group 1-4
2023-12-19 12:32:20,922 INFO o.a.j.t.JMeterThread: Thread finished: Thread Group 1-4
2023-12-19 12:32:20,923 INFO o.a.j.e.StandardJMeterEngine: Notifying test listeners of end of test
2023-12-19 12:32:20,923 INFO o.a.j.g.u.JMeterMenuBar: setRunning(false, *local*)
2023-12-19 12:33:24,109 INFO o.a.j.e.StandardJMeterEngine: Running the test!
2023-12-19 12:33:24,109 INFO o.a.j.s.SampleEvent: List of sample_variables: []
2023-12-19 12:33:24,111 INFO o.a.j.g.u.JMeterMenuBar: setRunning(true, *local*)
2023-12-19 12:33:24,176 INFO o.a.j.e.StandardJMeterEngine: Starting ThreadGroup: 1 : Thread Group
2023-12-19 12:33:24,176 INFO o.a.j.e.StandardJMeterEngine: Starting 4 threads for group Thread Group.
2023-12-19 12:33:24,176 INFO o.a.j.e.StandardJMeterEngine: Thread will continue on error
2023-12-19 12:33:24,176 INFO o.a.j.t.ThreadGroup: Starting thread group... number=1 threads=4 ramp-up=1 delayedStart=false
2023-12-19 12:33:24,177 INFO o.a.j.t.JMeterThread: Thread started: Thread Group 1-1
2023-12-19 12:33:24,178 INFO o.a.j.t.ThreadGroup: Started thread group number 1
2023-12-19 12:33:24,178 INFO o.a.j.e.StandardJMeterEngine: All thread groups have been started
2023-12-19 12:33:24,428 INFO o.a.j.t.JMeterThread: Thread started: Thread Group 1-2
2023-12-19 12:33:24,600 INFO o.a.j.t.JMeterThread: Thread is done: Thread Group 1-1
2023-12-19 12:33:24,601 INFO o.a.j.t.JMeterThread: Thread finished: Thread Group 1-1
2023-12-19 12:33:24,678 INFO o.a.j.t.JMeterThread: Thread started: Thread Group 1-3
2023-12-19 12:33:24,844 INFO o.a.j.t.JMeterThread: Thread is done: Thread Group 1-2
2023-12-19 12:33:24,844 INFO o.a.j.t.JMeterThread: Thread finished: Thread Group 1-2
2023-12-19 12:33:24,927 INFO o.a.j.t.JMeterThread: Thread started: Thread Group 1-4
2023-12-19 12:33:25,088 INFO o.a.j.t.JMeterThread: Thread is done: Thread Group 1-3
2023-12-19 12:33:25,088 INFO o.a.j.t.JMeterThread: Thread finished: Thread Group 1-3
2023-12-19 12:33:25,355 INFO o.a.j.t.JMeterThread: Thread is done: Thread Group 1-4
2023-12-19 12:33:25,356 INFO o.a.j.t.JMeterThread: Thread finished: Thread Group 1-4
2023-12-19 12:33:25,356 INFO o.a.j.e.StandardJMeterEngine: Notifying test listeners of end of test
2023-12-19 12:33:25,357 INFO o.a.j.g.u.JMeterMenuBar: setRunning(false, *local*)
2023-12-19 12:48:57,622 INFO o.a.j.e.StandardJMeterEngine: Running the test!
2023-12-19 12:48:57,622 INFO o.a.j.s.SampleEvent: List of sample_variables: []
2023-12-19 12:48:57,623 INFO o.a.j.g.u.JMeterMenuBar: setRunning(true, *local*)
2023-12-19 12:48:57,700 INFO o.a.j.e.StandardJMeterEngine: Starting ThreadGroup: 1 : Thread Group
2023-12-19 12:48:57,700 INFO o.a.j.e.StandardJMeterEngine: Starting 50 threads for group Thread Group.
2023-12-19 12:48:57,700 INFO o.a.j.e.StandardJMeterEngine: Thread will continue on error
2023-12-19 12:48:57,700 INFO o.a.j.t.ThreadGroup: Starting thread group... number=1 threads=50 ramp-up=1 delayedStart=false
2023-12-19 12:48:57,702 INFO o.a.j.t.JMeterThread: Thread started: Thread Group 1-1
2023-12-19 12:48:57,719 INFO o.a.j.t.ThreadGroup: Started thread group number 1
2023-12-19 12:48:57,719 INFO o.a.j.e.StandardJMeterEngine: All thread groups have been started
2023-12-19 12:48:57,722 INFO o.a.j.t.JMeterThread: Thread started: Thread Group 1-2
2023-12-19 12:48:57,743 INFO o.a.j.t.JMeterThread: Thread started: Thread Group 1-3
2023-12-19 12:48:57,762 INFO o.a.j.t.JMeterThread: Thread started: Thread Group 1-4
2023-12-19 12:48:57,782 INFO o.a.j.t.JMeterThread: Thread started: Thread Group 1-5
2023-12-19 12:48:57,802 INFO o.a.j.t.JMeterThread: Thread started: Thread Group 1-6
2023-12-19 12:48:57,822 INFO o.a.j.t.JMeterThread: Thread started: Thread Group 1-7
2023-12-19 12:48:57,843 INFO o.a.j.t.JMeterThread: Thread started: Thread Group 1-8
2023-12-19 12:48:57,862 INFO o.a.j.t.JMeterThread: Thread started: Thread Group 1-9
2023-12-19 12:48:57,883 INFO o.a.j.t.JMeterThread: Thread started: Thread Group 1-10
2023-12-19 12:48:57,901 INFO o.a.j.t.JMeterThread: Thread started: Thread Group 1-11
2023-12-19 12:48:57,922 INFO o.a.j.t.JMeterThread: Thread started: Thread Group 1-12
2023-12-19 12:48:57,944 INFO o.a.j.t.JMeterThread: Thread started: Thread Group 1-13
2023-12-19 12:48:57,962 INFO o.a.j.t.JMeterThread: Thread started: Thread Group 1-14
2023-12-19 12:48:57,982 INFO o.a.j.t.JMeterThread: Thread started: Thread Group 1-15
2023-12-19 12:48:58,002 INFO o.a.j.t.JMeterThread: Thread started: Thread Group 1-16
2023-12-19 12:48:58,022 INFO o.a.j.t.JMeterThread: Thread started: Thread Group 1-17
2023-12-19 12:48:58,044 INFO o.a.j.t.JMeterThread: Thread started: Thread Group 1-18
2023-12-19 12:48:58,062 INFO o.a.j.t.JMeterThread: Thread started: Thread Group 1-19
2023-12-19 12:48:58,082 INFO o.a.j.t.JMeterThread: Thread started: Thread Group 1-20
2023-12-19 12:48:58,102 INFO o.a.j.t.JMeterThread: Thread started: Thread Group 1-21
2023-12-19 12:48:58,121 INFO o.a.j.t.JMeterThread: Thread started: Thread Group 1-22
2023-12-19 12:48:58,142 INFO o.a.j.t.JMeterThread: Thread started: Thread Group 1-23
2023-12-19 12:48:58,162 INFO o.a.j.t.JMeterThread: Thread started: Thread Group 1-24
2023-12-19 12:48:58,182 INFO o.a.j.t.JMeterThread: Thread started: Thread Group 1-25
2023-12-19 12:48:58,201 INFO o.a.j.t.JMeterThread: Thread started: Thread Group 1-26
2023-12-19 12:48:58,221 INFO o.a.j.t.JMeterThread: Thread started: Thread Group 1-27
2023-12-19 12:48:58,242 INFO o.a.j.t.JMeterThread: Thread started: Thread Group 1-28
2023-12-19 12:48:58,261 INFO o.a.j.t.JMeterThread: Thread started: Thread Group 1-29
2023-12-19 12:48:58,281 INFO o.a.j.t.JMeterThread: Thread started: Thread Group 1-30
2023-12-19 12:48:58,301 INFO o.a.j.t.JMeterThread: Thread started: Thread Group 1-31
2023-12-19 12:48:58,322 INFO o.a.j.t.JMeterThread: Thread started: Thread Group 1-32
2023-12-19 12:48:58,341 INFO o.a.j.t.JMeterThread: Thread started: Thread Group 1-33
2023-12-19 12:48:58,361 INFO o.a.j.t.JMeterThread: Thread started: Thread Group 1-34
2023-12-19 12:48:58,382 INFO o.a.j.t.JMeterThread: Thread started: Thread Group 1-35
2023-12-19 12:48:58,402 INFO o.a.j.t.JMeterThread: Thread started: Thread Group 1-36
2023-12-19 12:48:58,422 INFO o.a.j.t.JMeterThread: Thread started: Thread Group 1-37
2023-12-19 12:48:58,443 INFO o.a.j.t.JMeterThread: Thread started: Thread Group 1-38
2023-12-19 12:48:58,461 INFO o.a.j.t.JMeterThread: Thread started: Thread Group 1-39
2023-12-19 12:48:58,483 INFO o.a.j.t.JMeterThread: Thread started: Thread Group 1-40
2023-12-19 12:48:58,501 INFO o.a.j.t.JMeterThread: Thread started: Thread Group 1-41
2023-12-19 12:48:58,521 INFO o.a.j.t.JMeterThread: Thread started: Thread Group 1-42
2023-12-19 12:48:58,541 INFO o.a.j.t.JMeterThread: Thread started: Thread Group 1-43
2023-12-19 12:48:58,561 INFO o.a.j.t.JMeterThread: Thread started: Thread Group 1-44
2023-12-19 12:48:58,581 INFO o.a.j.t.JMeterThread: Thread started: Thread Group 1-45
2023-12-19 12:48:58,601 INFO o.a.j.t.JMeterThread: Thread started: Thread Group 1-46
2023-12-19 12:48:58,621 INFO o.a.j.t.JMeterThread: Thread started: Thread Group 1-47
2023-12-19 12:48:58,643 INFO o.a.j.t.JMeterThread: Thread started: Thread Group 1-48
2023-12-19 12:48:58,662 INFO o.a.j.t.JMeterThread: Thread started: Thread Group 1-49
2023-12-19 12:48:58,681 INFO o.a.j.t.JMeterThread: Thread started: Thread Group 1-50
2023-12-19 12:48:59,511 INFO o.a.j.t.JMeterThread: Thread is done: Thread Group 1-7
2023-12-19 12:48:59,511 INFO o.a.j.t.JMeterThread: Thread is done: Thread Group 1-1
2023-12-19 12:48:59,511 INFO o.a.j.t.JMeterThread: Thread is done: Thread Group 1-6
2023-12-19 12:48:59,512 INFO o.a.j.t.JMeterThread: Thread finished: Thread Group 1-7
2023-12-19 12:48:59,512 INFO o.a.j.t.JMeterThread: Thread finished: Thread Group 1-1
2023-12-19 12:48:59,512 INFO o.a.j.t.JMeterThread: Thread finished: Thread Group 1-6
2023-12-19 12:49:00,535 INFO o.a.j.t.JMeterThread: Thread is done: Thread Group 1-2
2023-12-19 12:49:00,535 INFO o.a.j.t.JMeterThread: Thread finished: Thread Group 1-2
2023-12-19 12:49:00,782 INFO o.a.j.t.JMeterThread: Thread is done: Thread Group 1-11
2023-12-19 12:49:00,782 INFO o.a.j.t.JMeterThread: Thread finished: Thread Group 1-11
2023-12-19 12:49:00,995 INFO o.a.j.t.JMeterThread: Thread is done: Thread Group 1-13
2023-12-19 12:49:00,995 INFO o.a.j.t.JMeterThread: Thread finished: Thread Group 1-13
2023-12-19 12:49:01,161 INFO o.a.j.t.JMeterThread: Thread is done: Thread Group 1-8
2023-12-19 12:49:01,161 INFO o.a.j.t.JMeterThread: Thread finished: Thread Group 1-8
2023-12-19 12:49:01,335 INFO o.a.j.t.JMeterThread: Thread is done: Thread Group 1-15
2023-12-19 12:49:01,335 INFO o.a.j.t.JMeterThread: Thread finished: Thread Group 1-15
2023-12-19 12:49:01,378 INFO o.a.j.t.JMeterThread: Thread is done: Thread Group 1-14
2023-12-19 12:49:01,378 INFO o.a.j.t.JMeterThread: Thread finished: Thread Group 1-14
2023-12-19 12:49:01,867 INFO o.a.j.t.JMeterThread: Thread is done: Thread Group 1-9
2023-12-19 12:49:01,867 INFO o.a.j.t.JMeterThread: Thread finished: Thread Group 1-9
2023-12-19 12:49:02,582 INFO o.a.j.t.JMeterThread: Thread is done: Thread Group 1-17
2023-12-19 12:49:02,583 INFO o.a.j.t.JMeterThread: Thread finished: Thread Group 1-17
2023-12-19 12:49:03,498 INFO o.a.j.t.JMeterThread: Thread is done: Thread Group 1-21
2023-12-19 12:49:03,498 INFO o.a.j.t.JMeterThread: Thread finished: Thread Group 1-21
2023-12-19 12:49:03,511 INFO o.a.j.t.JMeterThread: Thread is done: Thread Group 1-18
2023-12-19 12:49:03,511 INFO o.a.j.t.JMeterThread: Thread finished: Thread Group 1-18
2023-12-19 12:49:03,532 INFO o.a.j.t.JMeterThread: Thread is done: Thread Group 1-19
2023-12-19 12:49:03,532 INFO o.a.j.t.JMeterThread: Thread finished: Thread Group 1-19
2023-12-19 12:49:03,811 INFO o.a.j.t.JMeterThread: Thread is done: Thread Group 1-23
2023-12-19 12:49:03,813 INFO o.a.j.t.JMeterThread: Thread finished: Thread Group 1-23
2023-12-19 12:49:03,885 INFO o.a.j.t.JMeterThread: Thread is done: Thread Group 1-24
2023-12-19 12:49:03,885 INFO o.a.j.t.JMeterThread: Thread finished: Thread Group 1-24
2023-12-19 12:49:03,942 INFO o.a.j.t.JMeterThread: Thread is done: Thread Group 1-28
2023-12-19 12:49:03,943 INFO o.a.j.t.JMeterThread: Thread finished: Thread Group 1-28
2023-12-19 12:49:04,005 INFO o.a.j.t.JMeterThread: Thread is done: Thread Group 1-31
2023-12-19 12:49:04,005 INFO o.a.j.t.JMeterThread: Thread finished: Thread Group 1-31
2023-12-19 12:49:04,086 INFO o.a.j.t.JMeterThread: Thread is done: Thread Group 1-29
2023-12-19 12:49:04,086 INFO o.a.j.t.JMeterThread: Thread finished: Thread Group 1-29
2023-12-19 12:49:04,165 INFO o.a.j.t.JMeterThread: Thread is done: Thread Group 1-35
2023-12-19 12:49:04,165 INFO o.a.j.t.JMeterThread: Thread finished: Thread Group 1-35
2023-12-19 12:49:04,191 INFO o.a.j.t.JMeterThread: Thread is done: Thread Group 1-41
2023-12-19 12:49:04,192 INFO o.a.j.t.JMeterThread: Thread finished: Thread Group 1-41
2023-12-19 12:49:04,195 INFO o.a.j.t.JMeterThread: Thread is done: Thread Group 1-33
2023-12-19 12:49:04,195 INFO o.a.j.t.JMeterThread: Thread finished: Thread Group 1-33
2023-12-19 12:49:04,212 INFO o.a.j.t.JMeterThread: Thread is done: Thread Group 1-48
2023-12-19 12:49:04,214 INFO o.a.j.t.JMeterThread: Thread finished: Thread Group 1-48
2023-12-19 12:49:04,233 INFO o.a.j.t.JMeterThread: Thread is done: Thread Group 1-39
2023-12-19 12:49:04,234 INFO o.a.j.t.JMeterThread: Thread finished: Thread Group 1-39
2023-12-19 12:49:04,238 INFO o.a.j.t.JMeterThread: Thread is done: Thread Group 1-49
2023-12-19 12:49:04,238 INFO o.a.j.t.JMeterThread: Thread finished: Thread Group 1-49
2023-12-19 12:49:04,240 INFO o.a.j.t.JMeterThread: Thread is done: Thread Group 1-50
2023-12-19 12:49:04,241 INFO o.a.j.t.JMeterThread: Thread finished: Thread Group 1-50
2023-12-19 12:49:04,261 INFO o.a.j.t.JMeterThread: Thread is done: Thread Group 1-38
2023-12-19 12:49:04,261 INFO o.a.j.t.JMeterThread: Thread finished: Thread Group 1-38
2023-12-19 12:49:04,270 INFO o.a.j.t.JMeterThread: Thread is done: Thread Group 1-43
2023-12-19 12:49:04,270 INFO o.a.j.t.JMeterThread: Thread finished: Thread Group 1-43
2023-12-19 12:49:04,271 INFO o.a.j.t.JMeterThread: Thread is done: Thread Group 1-40
2023-12-19 12:49:04,271 INFO o.a.j.t.JMeterThread: Thread is done: Thread Group 1-46
2023-12-19 12:49:04,271 INFO o.a.j.t.JMeterThread: Thread finished: Thread Group 1-40
2023-12-19 12:49:04,271 INFO o.a.j.t.JMeterThread: Thread finished: Thread Group 1-46
2023-12-19 12:49:06,785 INFO o.a.j.t.JMeterThread: Thread is done: Thread Group 1-22
2023-12-19 12:49:06,785 INFO o.a.j.t.JMeterThread: Thread is done: Thread Group 1-16
2023-12-19 12:49:06,785 INFO o.a.j.t.JMeterThread: Thread finished: Thread Group 1-22
2023-12-19 12:49:06,785 INFO o.a.j.t.JMeterThread: Thread finished: Thread Group 1-16
2023-12-19 12:49:06,842 INFO o.a.j.t.JMeterThread: Thread is done: Thread Group 1-27
2023-12-19 12:49:06,843 INFO o.a.j.t.JMeterThread: Thread finished: Thread Group 1-27
2023-12-19 12:49:06,844 INFO o.a.j.t.JMeterThread: Thread is done: Thread Group 1-37
2023-12-19 12:49:06,845 INFO o.a.j.t.JMeterThread: Thread finished: Thread Group 1-37
2023-12-19 12:49:06,861 INFO o.a.j.t.JMeterThread: Thread is done: Thread Group 1-30
2023-12-19 12:49:06,861 INFO o.a.j.t.JMeterThread: Thread finished: Thread Group 1-30
2023-12-19 12:49:06,910 INFO o.a.j.t.JMeterThread: Thread is done: Thread Group 1-36
2023-12-19 12:49:06,910 INFO o.a.j.t.JMeterThread: Thread is done: Thread Group 1-20
2023-12-19 12:49:06,910 INFO o.a.j.t.JMeterThread: Thread finished: Thread Group 1-36
2023-12-19 12:49:06,910 INFO o.a.j.t.JMeterThread: Thread finished: Thread Group 1-20
2023-12-19 12:49:06,912 INFO o.a.j.t.JMeterThread: Thread is done: Thread Group 1-25
2023-12-19 12:49:06,912 INFO o.a.j.t.JMeterThread: Thread is done: Thread Group 1-34
2023-12-19 12:49:06,912 INFO o.a.j.t.JMeterThread: Thread is done: Thread Group 1-32
2023-12-19 12:49:06,912 INFO o.a.j.t.JMeterThread: Thread is done: Thread Group 1-44
2023-12-19 12:49:06,912 INFO o.a.j.t.JMeterThread: Thread finished: Thread Group 1-25
2023-12-19 12:49:06,912 INFO o.a.j.t.JMeterThread: Thread is done: Thread Group 1-42
2023-12-19 12:49:06,912 INFO o.a.j.t.JMeterThread: Thread is done: Thread Group 1-26
2023-12-19 12:49:06,913 INFO o.a.j.t.JMeterThread: Thread finished: Thread Group 1-42
2023-12-19 12:49:06,912 INFO o.a.j.t.JMeterThread: Thread is done: Thread Group 1-47
2023-12-19 12:49:06,913 INFO o.a.j.t.JMeterThread: Thread finished: Thread Group 1-44
2023-12-19 12:49:06,912 INFO o.a.j.t.JMeterThread: Thread finished: Thread Group 1-34
2023-12-19 12:49:06,912 INFO o.a.j.t.JMeterThread: Thread finished: Thread Group 1-32
2023-12-19 12:49:06,913 INFO o.a.j.t.JMeterThread: Thread finished: Thread Group 1-47
2023-12-19 12:49:06,913 INFO o.a.j.t.JMeterThread: Thread finished: Thread Group 1-26
2023-12-19 12:49:06,913 INFO o.a.j.t.JMeterThread: Thread is done: Thread Group 1-45
2023-12-19 12:49:06,914 INFO o.a.j.t.JMeterThread: Thread finished: Thread Group 1-45
2023-12-19 13:00:54,720 INFO o.a.j.g.a.Start: Stopping test
2023-12-19 13:00:54,759 INFO o.a.j.t.JMeterThread: Stopping: Thread Group 1-4
2023-12-19 13:00:54,759 WARN o.a.j.t.JMeterThread: Interrupting: Thread Group 1-4 sampler: MintAsset
2023-12-19 13:00:54,760 INFO o.a.j.t.JMeterThread: Stopping: Thread Group 1-12
2023-12-19 13:00:54,760 WARN o.a.j.t.JMeterThread: Interrupting: Thread Group 1-12 sampler: MintAsset
2023-12-19 13:00:54,792 INFO o.a.j.t.JMeterThread: Stopping: Thread Group 1-5
2023-12-19 13:00:54,793 WARN o.a.j.t.JMeterThread: Interrupting: Thread Group 1-5 sampler: MintAsset
2023-12-19 13:00:54,794 INFO o.a.j.t.JMeterThread: Stopping: Thread Group 1-10
2023-12-19 13:00:54,794 WARN o.a.j.t.JMeterThread: Interrupting: Thread Group 1-10 sampler: MintAsset
2023-12-19 13:00:54,795 INFO o.a.j.t.JMeterThread: Stopping: Thread Group 1-3
2023-12-19 13:00:54,796 WARN o.a.j.t.JMeterThread: Interrupting: Thread Group 1-3 sampler: MintAsset
2023-12-19 13:00:54,796 INFO o.a.j.t.JMeterThread: Thread is done: Thread Group 1-4
2023-12-19 13:00:54,796 INFO o.a.j.t.JMeterThread: Thread is done: Thread Group 1-12
2023-12-19 13:00:54,796 INFO o.a.j.t.JMeterThread: Thread is done: Thread Group 1-5
2023-12-19 13:00:54,797 INFO o.a.j.t.JMeterThread: Thread finished: Thread Group 1-4
2023-12-19 13:00:54,797 INFO o.a.j.t.JMeterThread: Thread finished: Thread Group 1-12
2023-12-19 13:00:54,797 INFO o.a.j.t.JMeterThread: Thread is done: Thread Group 1-10
2023-12-19 13:00:54,797 INFO o.a.j.t.JMeterThread: Thread finished: Thread Group 1-5
2023-12-19 13:00:54,797 INFO o.a.j.t.JMeterThread: Thread finished: Thread Group 1-10
2023-12-19 13:00:54,798 INFO o.a.j.t.JMeterThread: Thread is done: Thread Group 1-3
2023-12-19 13:00:54,798 INFO o.a.j.t.JMeterThread: Thread finished: Thread Group 1-3
2023-12-19 13:00:54,799 INFO o.a.j.e.StandardJMeterEngine: Notifying test listeners of end of test
2023-12-19 13:00:54,799 INFO o.a.j.g.u.JMeterMenuBar: setRunning(false, *local*)
2023-12-19 13:04:03,301 INFO o.a.j.e.StandardJMeterEngine: Running the test!
2023-12-19 13:04:03,301 INFO o.a.j.s.SampleEvent: List of sample_variables: []
2023-12-19 13:04:03,302 INFO o.a.j.g.u.JMeterMenuBar: setRunning(true, *local*)
2023-12-19 13:04:03,353 INFO o.a.j.e.StandardJMeterEngine: Starting ThreadGroup: 1 : Thread Group
2023-12-19 13:04:03,353 INFO o.a.j.e.StandardJMeterEngine: Starting 50 threads for group Thread Group.
2023-12-19 13:04:03,353 INFO o.a.j.e.StandardJMeterEngine: Thread will continue on error
2023-12-19 13:04:03,353 INFO o.a.j.t.ThreadGroup: Starting thread group... number=1 threads=50 ramp-up=1 delayedStart=false
2023-12-19 13:04:03,354 INFO o.a.j.t.JMeterThread: Thread started: Thread Group 1-1
2023-12-19 13:04:03,365 INFO o.a.j.t.ThreadGroup: Started thread group number 1
2023-12-19 13:04:03,365 INFO o.a.j.e.StandardJMeterEngine: All thread groups have been started
2023-12-19 13:04:03,375 INFO o.a.j.t.JMeterThread: Thread started: Thread Group 1-2
2023-12-19 13:04:03,394 INFO o.a.j.t.JMeterThread: Thread started: Thread Group 1-3
2023-12-19 13:04:03,414 INFO o.a.j.t.JMeterThread: Thread started: Thread Group 1-4
2023-12-19 13:04:03,433 INFO o.a.j.t.JMeterThread: Thread started: Thread Group 1-5
2023-12-19 13:04:03,454 INFO o.a.j.t.JMeterThread: Thread started: Thread Group 1-6
2023-12-19 13:04:03,474 INFO o.a.j.t.JMeterThread: Thread started: Thread Group 1-7
2023-12-19 13:04:03,494 INFO o.a.j.t.JMeterThread: Thread started: Thread Group 1-8
2023-12-19 13:04:03,513 INFO o.a.j.t.JMeterThread: Thread started: Thread Group 1-9
2023-12-19 13:04:03,534 INFO o.a.j.t.JMeterThread: Thread started: Thread Group 1-10
2023-12-19 13:04:03,554 INFO o.a.j.t.JMeterThread: Thread started: Thread Group 1-11
2023-12-19 13:04:03,575 INFO o.a.j.t.JMeterThread: Thread started: Thread Group 1-12
2023-12-19 13:04:03,594 INFO o.a.j.t.JMeterThread: Thread started: Thread Group 1-13
2023-12-19 13:04:03,614 INFO o.a.j.t.JMeterThread: Thread started: Thread Group 1-14
2023-12-19 13:04:03,635 INFO o.a.j.t.JMeterThread: Thread started: Thread Group 1-15
2023-12-19 13:04:03,654 INFO o.a.j.t.JMeterThread: Thread started: Thread Group 1-16
2023-12-19 13:04:03,673 INFO o.a.j.t.JMeterThread: Thread started: Thread Group 1-17
2023-12-19 13:04:03,694 INFO o.a.j.t.JMeterThread: Thread started: Thread Group 1-18
2023-12-19 13:04:03,714 INFO o.a.j.t.JMeterThread: Thread started: Thread Group 1-19
2023-12-19 13:04:03,734 INFO o.a.j.t.JMeterThread: Thread started: Thread Group 1-20
2023-12-19 13:04:03,754 INFO o.a.j.t.JMeterThread: Thread started: Thread Group 1-21
2023-12-19 13:04:03,774 INFO o.a.j.t.JMeterThread: Thread started: Thread Group 1-22
2023-12-19 13:04:03,796 INFO o.a.j.t.JMeterThread: Thread started: Thread Group 1-23
2023-12-19 13:04:03,815 INFO o.a.j.t.JMeterThread: Thread started: Thread Group 1-24
2023-12-19 13:04:03,834 INFO o.a.j.t.JMeterThread: Thread started: Thread Group 1-25
2023-12-19 13:04:03,854 INFO o.a.j.t.JMeterThread: Thread started: Thread Group 1-26
2023-12-19 13:04:03,875 INFO o.a.j.t.JMeterThread: Thread started: Thread Group 1-27
2023-12-19 13:04:03,895 INFO o.a.j.t.JMeterThread: Thread started: Thread Group 1-28
2023-12-19 13:04:03,914 INFO o.a.j.t.JMeterThread: Thread started: Thread Group 1-29
2023-12-19 13:04:03,934 INFO o.a.j.t.JMeterThread: Thread started: Thread Group 1-30
2023-12-19 13:04:03,954 INFO o.a.j.t.JMeterThread: Thread started: Thread Group 1-31
2023-12-19 13:04:03,974 INFO o.a.j.t.JMeterThread: Thread started: Thread Group 1-32
2023-12-19 13:04:03,994 INFO o.a.j.t.JMeterThread: Thread started: Thread Group 1-33
2023-12-19 13:04:04,015 INFO o.a.j.t.JMeterThread: Thread started: Thread Group 1-34
2023-12-19 13:04:04,034 INFO o.a.j.t.JMeterThread: Thread started: Thread Group 1-35
2023-12-19 13:04:04,054 INFO o.a.j.t.JMeterThread: Thread started: Thread Group 1-36
2023-12-19 13:04:04,074 INFO o.a.j.t.JMeterThread: Thread started: Thread Group 1-37
2023-12-19 13:04:04,094 INFO o.a.j.t.JMeterThread: Thread started: Thread Group 1-38
2023-12-19 13:04:04,114 INFO o.a.j.t.JMeterThread: Thread started: Thread Group 1-39
2023-12-19 13:04:04,135 INFO o.a.j.t.JMeterThread: Thread started: Thread Group 1-40
2023-12-19 13:04:04,154 INFO o.a.j.t.JMeterThread: Thread started: Thread Group 1-41
2023-12-19 13:04:04,174 INFO o.a.j.t.JMeterThread: Thread started: Thread Group 1-42
2023-12-19 13:04:04,194 INFO o.a.j.t.JMeterThread: Thread started: Thread Group 1-43
2023-12-19 13:04:04,213 INFO o.a.j.t.JMeterThread: Thread started: Thread Group 1-44
2023-12-19 13:04:04,234 INFO o.a.j.t.JMeterThread: Thread started: Thread Group 1-45
2023-12-19 13:04:04,254 INFO o.a.j.t.JMeterThread: Thread started: Thread Group 1-46
2023-12-19 13:04:04,274 INFO o.a.j.t.JMeterThread: Thread started: Thread Group 1-47
2023-12-19 13:04:04,295 INFO o.a.j.t.JMeterThread: Thread started: Thread Group 1-48
2023-12-19 13:04:04,316 INFO o.a.j.t.JMeterThread: Thread started: Thread Group 1-49
2023-12-19 13:04:04,335 INFO o.a.j.t.JMeterThread: Thread started: Thread Group 1-50
2023-12-19 13:04:05,006 INFO o.a.j.t.JMeterThread: Thread is done: Thread Group 1-1
2023-12-19 13:04:05,006 INFO o.a.j.t.JMeterThread: Thread finished: Thread Group 1-1
2023-12-19 13:04:05,148 INFO o.a.j.t.JMeterThread: Thread is done: Thread Group 1-3
2023-12-19 13:04:05,148 INFO o.a.j.t.JMeterThread: Thread finished: Thread Group 1-3
2023-12-19 13:04:05,149 INFO o.a.j.t.JMeterThread: Thread is done: Thread Group 1-2
2023-12-19 13:04:05,149 INFO o.a.j.t.JMeterThread: Thread finished: Thread Group 1-2
2023-12-19 13:04:05,861 INFO o.a.j.t.JMeterThread: Thread is done: Thread Group 1-4
2023-12-19 13:04:05,861 INFO o.a.j.t.JMeterThread: Thread finished: Thread Group 1-4
2023-12-19 13:04:06,084 INFO o.a.j.t.JMeterThread: Thread is done: Thread Group 1-5
2023-12-19 13:04:06,085 INFO o.a.j.t.JMeterThread: Thread finished: Thread Group 1-5
2023-12-19 13:04:06,228 INFO o.a.j.t.JMeterThread: Thread is done: Thread Group 1-8
2023-12-19 13:04:06,229 INFO o.a.j.t.JMeterThread: Thread finished: Thread Group 1-8
2023-12-19 13:04:06,233 INFO o.a.j.t.JMeterThread: Thread is done: Thread Group 1-7
2023-12-19 13:04:06,233 INFO o.a.j.t.JMeterThread: Thread finished: Thread Group 1-7
2023-12-19 13:04:06,235 INFO o.a.j.t.JMeterThread: Thread is done: Thread Group 1-6
2023-12-19 13:04:06,235 INFO o.a.j.t.JMeterThread: Thread finished: Thread Group 1-6
2023-12-19 13:04:06,582 INFO o.a.j.t.JMeterThread: Thread is done: Thread Group 1-9
2023-12-19 13:04:06,583 INFO o.a.j.t.JMeterThread: Thread is done: Thread Group 1-11
2023-12-19 13:04:06,583 INFO o.a.j.t.JMeterThread: Thread finished: Thread Group 1-9
2023-12-19 13:04:06,583 INFO o.a.j.t.JMeterThread: Thread finished: Thread Group 1-11
2023-12-19 13:04:06,632 INFO o.a.j.t.JMeterThread: Thread is done: Thread Group 1-10
2023-12-19 13:04:06,632 INFO o.a.j.t.JMeterThread: Thread finished: Thread Group 1-10
2023-12-19 13:04:06,865 INFO o.a.j.t.JMeterThread: Thread is done: Thread Group 1-13
2023-12-19 13:04:06,866 INFO o.a.j.t.JMeterThread: Thread finished: Thread Group 1-13
2023-12-19 13:04:07,134 INFO o.a.j.t.JMeterThread: Thread is done: Thread Group 1-12
2023-12-19 13:04:07,134 INFO o.a.j.t.JMeterThread: Thread finished: Thread Group 1-12
2023-12-19 13:04:07,197 INFO o.a.j.t.JMeterThread: Thread is done: Thread Group 1-15
2023-12-19 13:04:07,197 INFO o.a.j.t.JMeterThread: Thread finished: Thread Group 1-15
2023-12-19 13:04:07,202 INFO o.a.j.t.JMeterThread: Thread is done: Thread Group 1-14
2023-12-19 13:04:07,202 INFO o.a.j.t.JMeterThread: Thread finished: Thread Group 1-14
2023-12-19 13:04:07,602 INFO o.a.j.t.JMeterThread: Thread is done: Thread Group 1-17
2023-12-19 13:04:07,602 INFO o.a.j.t.JMeterThread: Thread finished: Thread Group 1-17
2023-12-19 13:04:07,723 INFO o.a.j.t.JMeterThread: Thread is done: Thread Group 1-19
2023-12-19 13:04:07,723 INFO o.a.j.t.JMeterThread: Thread finished: Thread Group 1-19
2023-12-19 13:04:08,523 INFO o.a.j.t.JMeterThread: Thread is done: Thread Group 1-23
2023-12-19 13:04:08,524 INFO o.a.j.t.JMeterThread: Thread finished: Thread Group 1-23
2023-12-19 13:04:08,828 INFO o.a.j.t.JMeterThread: Thread is done: Thread Group 1-26
2023-12-19 13:04:08,829 INFO o.a.j.t.JMeterThread: Thread finished: Thread Group 1-26
2023-12-19 13:04:08,921 INFO o.a.j.t.JMeterThread: Thread is done: Thread Group 1-16
2023-12-19 13:04:08,921 INFO o.a.j.t.JMeterThread: Thread finished: Thread Group 1-16
2023-12-19 13:04:08,963 INFO o.a.j.t.JMeterThread: Thread is done: Thread Group 1-28
2023-12-19 13:04:08,963 INFO o.a.j.t.JMeterThread: Thread finished: Thread Group 1-28
2023-12-19 13:04:09,031 INFO o.a.j.t.JMeterThread: Thread is done: Thread Group 1-33
2023-12-19 13:04:09,031 INFO o.a.j.t.JMeterThread: Thread finished: Thread Group 1-33
2023-12-19 13:04:09,034 INFO o.a.j.t.JMeterThread: Thread is done: Thread Group 1-32
2023-12-19 13:04:09,034 INFO o.a.j.t.JMeterThread: Thread finished: Thread Group 1-32
2023-12-19 13:04:09,073 INFO o.a.j.t.JMeterThread: Thread is done: Thread Group 1-47
2023-12-19 13:04:09,074 INFO o.a.j.t.JMeterThread: Thread finished: Thread Group 1-47
2023-12-19 13:04:09,075 INFO o.a.j.t.JMeterThread: Thread is done: Thread Group 1-42
2023-12-19 13:04:09,075 INFO o.a.j.t.JMeterThread: Thread finished: Thread Group 1-42
2023-12-19 13:04:09,081 INFO o.a.j.t.JMeterThread: Thread is done: Thread Group 1-36
2023-12-19 13:04:09,081 INFO o.a.j.t.JMeterThread: Thread is done: Thread Group 1-35
2023-12-19 13:04:09,082 INFO o.a.j.t.JMeterThread: Thread finished: Thread Group 1-36
2023-12-19 13:04:09,082 INFO o.a.j.t.JMeterThread: Thread finished: Thread Group 1-35
2023-12-19 13:04:09,087 INFO o.a.j.t.JMeterThread: Thread is done: Thread Group 1-45
2023-12-19 13:04:09,087 INFO o.a.j.t.JMeterThread: Thread finished: Thread Group 1-45
2023-12-19 13:04:09,089 INFO o.a.j.t.JMeterThread: Thread is done: Thread Group 1-39
2023-12-19 13:04:09,089 INFO o.a.j.t.JMeterThread: Thread finished: Thread Group 1-39
2023-12-19 13:04:09,094 INFO o.a.j.t.JMeterThread: Thread is done: Thread Group 1-34
2023-12-19 13:04:09,094 INFO o.a.j.t.JMeterThread: Thread is done: Thread Group 1-38
2023-12-19 13:04:09,094 INFO o.a.j.t.JMeterThread: Thread finished: Thread Group 1-34
2023-12-19 13:04:09,094 INFO o.a.j.t.JMeterThread: Thread finished: Thread Group 1-38
2023-12-19 13:04:10,074 INFO o.a.j.t.JMeterThread: Thread is done: Thread Group 1-18
2023-12-19 13:04:10,074 INFO o.a.j.t.JMeterThread: Thread finished: Thread Group 1-18
2023-12-19 13:04:11,361 INFO o.a.j.t.JMeterThread: Thread is done: Thread Group 1-22
2023-12-19 13:04:11,361 INFO o.a.j.t.JMeterThread: Thread finished: Thread Group 1-22
2023-12-19 13:04:11,437 INFO o.a.j.t.JMeterThread: Thread is done: Thread Group 1-21
2023-12-19 13:04:11,437 INFO o.a.j.t.JMeterThread: Thread finished: Thread Group 1-21
2023-12-19 13:04:11,439 INFO o.a.j.t.JMeterThread: Thread is done: Thread Group 1-20
2023-12-19 13:04:11,440 INFO o.a.j.t.JMeterThread: Thread finished: Thread Group 1-20
2023-12-19 13:04:11,915 INFO o.a.j.t.JMeterThread: Thread is done: Thread Group 1-24
2023-12-19 13:04:11,915 INFO o.a.j.t.JMeterThread: Thread is done: Thread Group 1-25
2023-12-19 13:04:11,915 INFO o.a.j.t.JMeterThread: Thread finished: Thread Group 1-24
2023-12-19 13:04:11,915 INFO o.a.j.t.JMeterThread: Thread finished: Thread Group 1-25
2023-12-19 13:04:12,258 INFO o.a.j.t.JMeterThread: Thread is done: Thread Group 1-30
2023-12-19 13:04:12,259 INFO o.a.j.t.JMeterThread: Thread finished: Thread Group 1-30
2023-12-19 13:04:12,281 INFO o.a.j.t.JMeterThread: Thread is done: Thread Group 1-27
2023-12-19 13:04:12,281 INFO o.a.j.t.JMeterThread: Thread finished: Thread Group 1-27
2023-12-19 13:04:12,298 INFO o.a.j.t.JMeterThread: Thread is done: Thread Group 1-29
2023-12-19 13:04:12,299 INFO o.a.j.t.JMeterThread: Thread finished: Thread Group 1-29
2023-12-19 13:04:12,334 INFO o.a.j.t.JMeterThread: Thread is done: Thread Group 1-31
2023-12-19 13:04:12,335 INFO o.a.j.t.JMeterThread: Thread finished: Thread Group 1-31
2023-12-19 13:04:12,387 INFO o.a.j.t.JMeterThread: Thread is done: Thread Group 1-37
2023-12-19 13:04:12,387 INFO o.a.j.t.JMeterThread: Thread finished: Thread Group 1-37
2023-12-19 13:04:12,395 INFO o.a.j.t.JMeterThread: Thread is done: Thread Group 1-44
2023-12-19 13:04:12,395 INFO o.a.j.t.JMeterThread: Thread finished: Thread Group 1-44
2023-12-19 13:04:12,401 INFO o.a.j.t.JMeterThread: Thread is done: Thread Group 1-49
2023-12-19 13:04:12,401 INFO o.a.j.t.JMeterThread: Thread finished: Thread Group 1-49
2023-12-19 13:04:12,423 INFO o.a.j.t.JMeterThread: Thread is done: Thread Group 1-48
2023-12-19 13:04:12,424 INFO o.a.j.t.JMeterThread: Thread finished: Thread Group 1-48
2023-12-19 13:04:12,424 INFO o.a.j.t.JMeterThread: Thread is done: Thread Group 1-43
2023-12-19 13:04:12,424 INFO o.a.j.t.JMeterThread: Thread finished: Thread Group 1-43
2023-12-19 13:04:12,426 INFO o.a.j.t.JMeterThread: Thread is done: Thread Group 1-50
2023-12-19 13:04:12,426 INFO o.a.j.t.JMeterThread: Thread finished: Thread Group 1-50
2023-12-19 13:04:12,427 INFO o.a.j.t.JMeterThread: Thread is done: Thread Group 1-40
2023-12-19 13:04:12,427 INFO o.a.j.t.JMeterThread: Thread finished: Thread Group 1-40
2023-12-19 13:04:12,434 INFO o.a.j.t.JMeterThread: Thread is done: Thread Group 1-46
2023-12-19 13:04:12,434 INFO o.a.j.t.JMeterThread: Thread finished: Thread Group 1-46
2023-12-19 13:04:12,434 INFO o.a.j.t.JMeterThread: Thread is done: Thread Group 1-41
2023-12-19 13:04:12,434 INFO o.a.j.t.JMeterThread: Thread finished: Thread Group 1-41
2023-12-19 13:04:12,435 INFO o.a.j.e.StandardJMeterEngine: Notifying test listeners of end of test
2023-12-19 13:04:12,435 INFO o.a.j.g.u.JMeterMenuBar: setRunning(false, *local*)
2023-12-19 13:18:27,476 INFO o.a.j.e.StandardJMeterEngine: Running the test!
2023-12-19 13:18:27,476 INFO o.a.j.s.SampleEvent: List of sample_variables: []
2023-12-19 13:18:27,477 INFO o.a.j.g.u.JMeterMenuBar: setRunning(true, *local*)
2023-12-19 13:18:27,540 INFO o.a.j.e.StandardJMeterEngine: Starting ThreadGroup: 1 : Thread Group
2023-12-19 13:18:27,540 INFO o.a.j.e.StandardJMeterEngine: Starting 30 threads for group Thread Group.
2023-12-19 13:18:27,540 INFO o.a.j.e.StandardJMeterEngine: Thread will continue on error
2023-12-19 13:18:27,540 INFO o.a.j.t.ThreadGroup: Starting thread group... number=1 threads=30 ramp-up=1 delayedStart=false
2023-12-19 13:18:27,541 INFO o.a.j.t.JMeterThread: Thread started: Thread Group 1-1
2023-12-19 13:18:27,553 INFO o.a.j.t.ThreadGroup: Started thread group number 1
2023-12-19 13:18:27,553 INFO o.a.j.e.StandardJMeterEngine: All thread groups have been started
2023-12-19 13:18:27,575 INFO o.a.j.t.JMeterThread: Thread started: Thread Group 1-2
2023-12-19 13:18:27,607 INFO o.a.j.t.JMeterThread: Thread started: Thread Group 1-3
2023-12-19 13:18:27,640 INFO o.a.j.t.JMeterThread: Thread started: Thread Group 1-4
2023-12-19 13:18:27,675 INFO o.a.j.t.JMeterThread: Thread started: Thread Group 1-5
2023-12-19 13:18:27,706 INFO o.a.j.t.JMeterThread: Thread started: Thread Group 1-6
2023-12-19 13:18:27,739 INFO o.a.j.t.JMeterThread: Thread started: Thread Group 1-7
2023-12-19 13:18:27,774 INFO o.a.j.t.JMeterThread: Thread started: Thread Group 1-8
2023-12-19 13:18:27,806 INFO o.a.j.t.JMeterThread: Thread started: Thread Group 1-9
2023-12-19 13:18:27,837 INFO o.a.j.t.JMeterThread: Thread started: Thread Group 1-10
2023-12-19 13:18:27,871 INFO o.a.j.t.JMeterThread: Thread started: Thread Group 1-11
2023-12-19 13:18:27,904 INFO o.a.j.t.JMeterThread: Thread started: Thread Group 1-12
2023-12-19 13:18:27,937 INFO o.a.j.t.JMeterThread: Thread started: Thread Group 1-13
2023-12-19 13:18:27,971 INFO o.a.j.t.JMeterThread: Thread started: Thread Group 1-14
2023-12-19 13:18:28,003 INFO o.a.j.t.JMeterThread: Thread started: Thread Group 1-15
2023-12-19 13:18:28,037 INFO o.a.j.t.JMeterThread: Thread started: Thread Group 1-16
2023-12-19 13:18:28,070 INFO o.a.j.t.JMeterThread: Thread started: Thread Group 1-17
2023-12-19 13:18:28,103 INFO o.a.j.t.JMeterThread: Thread started: Thread Group 1-18
2023-12-19 13:18:28,137 INFO o.a.j.t.JMeterThread: Thread started: Thread Group 1-19
2023-12-19 13:18:28,171 INFO o.a.j.t.JMeterThread: Thread started: Thread Group 1-20
2023-12-19 13:18:28,201 INFO o.a.j.t.JMeterThread: Thread started: Thread Group 1-21
2023-12-19 13:18:28,236 INFO o.a.j.t.JMeterThread: Thread started: Thread Group 1-22
2023-12-19 13:18:28,269 INFO o.a.j.t.JMeterThread: Thread started: Thread Group 1-23
2023-12-19 13:18:28,301 INFO o.a.j.t.JMeterThread: Thread started: Thread Group 1-24
2023-12-19 13:18:28,335 INFO o.a.j.t.JMeterThread: Thread started: Thread Group 1-25
2023-12-19 13:18:28,368 INFO o.a.j.t.JMeterThread: Thread started: Thread Group 1-26
2023-12-19 13:18:28,401 INFO o.a.j.t.JMeterThread: Thread started: Thread Group 1-27
2023-12-19 13:18:28,434 INFO o.a.j.t.JMeterThread: Thread started: Thread Group 1-28
2023-12-19 13:18:28,466 INFO o.a.j.t.JMeterThread: Thread started: Thread Group 1-29
2023-12-19 13:18:28,498 INFO o.a.j.t.JMeterThread: Thread started: Thread Group 1-30
2023-12-19 13:18:29,170 INFO o.a.j.t.JMeterThread: Thread is done: Thread Group 1-5
2023-12-19 13:18:29,171 INFO o.a.j.t.JMeterThread: Thread finished: Thread Group 1-5
2023-12-19 13:18:29,191 INFO o.a.j.t.JMeterThread: Thread is done: Thread Group 1-1
2023-12-19 13:18:29,191 INFO o.a.j.t.JMeterThread: Thread finished: Thread Group 1-1
2023-12-19 13:18:29,432 INFO o.a.j.t.JMeterThread: Thread is done: Thread Group 1-6
2023-12-19 13:18:29,432 INFO o.a.j.t.JMeterThread: Thread finished: Thread Group 1-6
2023-12-19 13:18:29,868 INFO o.a.j.t.JMeterThread: Thread is done: Thread Group 1-3
2023-12-19 13:18:29,868 INFO o.a.j.t.JMeterThread: Thread is done: Thread Group 1-2
2023-12-19 13:18:29,868 INFO o.a.j.t.JMeterThread: Thread finished: Thread Group 1-3
2023-12-19 13:18:29,868 INFO o.a.j.t.JMeterThread: Thread finished: Thread Group 1-2
2023-12-19 13:18:30,004 INFO o.a.j.t.JMeterThread: Thread is done: Thread Group 1-8
2023-12-19 13:18:30,005 INFO o.a.j.t.JMeterThread: Thread finished: Thread Group 1-8
2023-12-19 13:18:30,101 INFO o.a.j.t.JMeterThread: Thread is done: Thread Group 1-7
2023-12-19 13:18:30,101 INFO o.a.j.t.JMeterThread: Thread finished: Thread Group 1-7
2023-12-19 13:18:30,183 INFO o.a.j.t.JMeterThread: Thread is done: Thread Group 1-11
2023-12-19 13:18:30,183 INFO o.a.j.t.JMeterThread: Thread finished: Thread Group 1-11
2023-12-19 13:18:30,226 INFO o.a.j.t.JMeterThread: Thread is done: Thread Group 1-9
2023-12-19 13:18:30,227 INFO o.a.j.t.JMeterThread: Thread finished: Thread Group 1-9
2023-12-19 13:18:30,483 INFO o.a.j.t.JMeterThread: Thread is done: Thread Group 1-4
2023-12-19 13:18:30,483 INFO o.a.j.t.JMeterThread: Thread finished: Thread Group 1-4
2023-12-19 13:18:30,994 INFO o.a.j.t.JMeterThread: Thread is done: Thread Group 1-12
2023-12-19 13:18:30,994 INFO o.a.j.t.JMeterThread: Thread finished: Thread Group 1-12
2023-12-19 13:18:31,018 INFO o.a.j.t.JMeterThread: Thread is done: Thread Group 1-10
2023-12-19 13:18:31,018 INFO o.a.j.t.JMeterThread: Thread finished: Thread Group 1-10
2023-12-19 13:18:31,263 INFO o.a.j.t.JMeterThread: Thread is done: Thread Group 1-14
2023-12-19 13:18:31,263 INFO o.a.j.t.JMeterThread: Thread finished: Thread Group 1-14
2023-12-19 13:18:31,275 INFO o.a.j.t.JMeterThread: Thread is done: Thread Group 1-13
2023-12-19 13:18:31,275 INFO o.a.j.t.JMeterThread: Thread finished: Thread Group 1-13
2023-12-19 13:18:31,505 INFO o.a.j.t.JMeterThread: Thread is done: Thread Group 1-15
2023-12-19 13:18:31,505 INFO o.a.j.t.JMeterThread: Thread is done: Thread Group 1-16
2023-12-19 13:18:31,505 INFO o.a.j.t.JMeterThread: Thread is done: Thread Group 1-17
2023-12-19 13:18:31,506 INFO o.a.j.t.JMeterThread: Thread finished: Thread Group 1-15
2023-12-19 13:18:31,506 INFO o.a.j.t.JMeterThread: Thread finished: Thread Group 1-16
2023-12-19 13:18:31,506 INFO o.a.j.t.JMeterThread: Thread finished: Thread Group 1-17
2023-12-19 13:18:31,518 INFO o.a.j.t.JMeterThread: Thread is done: Thread Group 1-19
2023-12-19 13:18:31,518 INFO o.a.j.t.JMeterThread: Thread finished: Thread Group 1-19
2023-12-19 13:18:31,532 INFO o.a.j.t.JMeterThread: Thread is done: Thread Group 1-18
2023-12-19 13:18:31,532 INFO o.a.j.t.JMeterThread: Thread finished: Thread Group 1-18
2023-12-19 13:18:31,537 INFO o.a.j.t.JMeterThread: Thread is done: Thread Group 1-27
2023-12-19 13:18:31,537 INFO o.a.j.t.JMeterThread: Thread finished: Thread Group 1-27
2023-12-19 13:18:31,544 INFO o.a.j.t.JMeterThread: Thread is done: Thread Group 1-22
2023-12-19 13:18:31,544 INFO o.a.j.t.JMeterThread: Thread finished: Thread Group 1-22
2023-12-19 13:18:31,546 INFO o.a.j.t.JMeterThread: Thread is done: Thread Group 1-23
2023-12-19 13:18:31,547 INFO o.a.j.t.JMeterThread: Thread finished: Thread Group 1-23
2023-12-19 13:18:31,914 INFO o.a.j.t.JMeterThread: Thread is done: Thread Group 1-21
2023-12-19 13:18:31,914 INFO o.a.j.t.JMeterThread: Thread is done: Thread Group 1-26
2023-12-19 13:18:31,914 INFO o.a.j.t.JMeterThread: Thread is done: Thread Group 1-20
2023-12-19 13:18:31,915 INFO o.a.j.t.JMeterThread: Thread finished: Thread Group 1-21
2023-12-19 13:18:31,915 INFO o.a.j.t.JMeterThread: Thread finished: Thread Group 1-20
2023-12-19 13:18:31,914 INFO o.a.j.t.JMeterThread: Thread is done: Thread Group 1-30
2023-12-19 13:18:31,914 INFO o.a.j.t.JMeterThread: Thread is done: Thread Group 1-24
2023-12-19 13:18:31,915 INFO o.a.j.t.JMeterThread: Thread finished: Thread Group 1-26
2023-12-19 13:18:31,915 INFO o.a.j.t.JMeterThread: Thread is done: Thread Group 1-29
2023-12-19 13:18:31,914 INFO o.a.j.t.JMeterThread: Thread is done: Thread Group 1-25
2023-12-19 13:18:31,915 INFO o.a.j.t.JMeterThread: Thread finished: Thread Group 1-29
2023-12-19 13:18:31,915 INFO o.a.j.t.JMeterThread: Thread finished: Thread Group 1-25
2023-12-19 13:18:31,915 INFO o.a.j.t.JMeterThread: Thread finished: Thread Group 1-24
2023-12-19 13:18:31,915 INFO o.a.j.t.JMeterThread: Thread finished: Thread Group 1-30
2023-12-19 13:18:31,919 INFO o.a.j.t.JMeterThread: Thread is done: Thread Group 1-28
2023-12-19 13:18:31,919 INFO o.a.j.t.JMeterThread: Thread finished: Thread Group 1-28
2023-12-19 13:18:31,920 INFO o.a.j.e.StandardJMeterEngine: Notifying test listeners of end of test
2023-12-19 13:18:31,920 INFO o.a.j.g.u.JMeterMenuBar: setRunning(false, *local*)
2023-12-19 13:35:49,551 INFO o.a.j.e.StandardJMeterEngine: Running the test!
2023-12-19 13:35:49,551 INFO o.a.j.s.SampleEvent: List of sample_variables: []
2023-12-19 13:35:49,552 INFO o.a.j.g.u.JMeterMenuBar: setRunning(true, *local*)
2023-12-19 13:35:49,610 INFO o.a.j.e.StandardJMeterEngine: Starting ThreadGroup: 1 : Thread Group
2023-12-19 13:35:49,610 INFO o.a.j.e.StandardJMeterEngine: Starting 30 threads for group Thread Group.
2023-12-19 13:35:49,610 INFO o.a.j.e.StandardJMeterEngine: Thread will continue on error
2023-12-19 13:35:49,610 INFO o.a.j.t.ThreadGroup: Starting thread group... number=1 threads=30 ramp-up=1 delayedStart=false
2023-12-19 13:35:49,611 INFO o.a.j.t.JMeterThread: Thread started: Thread Group 1-1
2023-12-19 13:35:49,617 INFO o.a.j.t.ThreadGroup: Started thread group number 1
2023-12-19 13:35:49,618 INFO o.a.j.e.StandardJMeterEngine: All thread groups have been started
2023-12-19 13:35:49,645 INFO o.a.j.t.JMeterThread: Thread started: Thread Group 1-2
2023-12-19 13:35:49,677 INFO o.a.j.t.JMeterThread: Thread started: Thread Group 1-3
2023-12-19 13:35:49,710 INFO o.a.j.t.JMeterThread: Thread started: Thread Group 1-4
2023-12-19 13:35:49,744 INFO o.a.j.t.JMeterThread: Thread started: Thread Group 1-5
2023-12-19 13:35:49,777 INFO o.a.j.t.JMeterThread: Thread started: Thread Group 1-6
2023-12-19 13:35:49,810 INFO o.a.j.t.JMeterThread: Thread started: Thread Group 1-7
2023-12-19 13:35:49,843 INFO o.a.j.t.JMeterThread: Thread started: Thread Group 1-8
2023-12-19 13:35:49,876 INFO o.a.j.t.JMeterThread: Thread started: Thread Group 1-9
2023-12-19 13:35:49,909 INFO o.a.j.t.JMeterThread: Thread started: Thread Group 1-10
2023-12-19 13:35:49,941 INFO o.a.j.t.JMeterThread: Thread started: Thread Group 1-11
2023-12-19 13:35:49,974 INFO o.a.j.t.JMeterThread: Thread started: Thread Group 1-12
2023-12-19 13:35:50,008 INFO o.a.j.t.JMeterThread: Thread started: Thread Group 1-13
2023-12-19 13:35:50,040 INFO o.a.j.t.JMeterThread: Thread started: Thread Group 1-14
2023-12-19 13:35:50,073 INFO o.a.j.t.JMeterThread: Thread started: Thread Group 1-15
2023-12-19 13:35:50,107 INFO o.a.j.t.JMeterThread: Thread started: Thread Group 1-16
2023-12-19 13:35:50,142 INFO o.a.j.t.JMeterThread: Thread started: Thread Group 1-17
2023-12-19 13:35:50,172 INFO o.a.j.t.JMeterThread: Thread started: Thread Group 1-18
2023-12-19 13:35:50,206 INFO o.a.j.t.JMeterThread: Thread started: Thread Group 1-19
2023-12-19 13:35:50,239 INFO o.a.j.t.JMeterThread: Thread started: Thread Group 1-20
2023-12-19 13:35:50,272 INFO o.a.j.t.JMeterThread: Thread started: Thread Group 1-21
2023-12-19 13:35:50,304 INFO o.a.j.t.JMeterThread: Thread started: Thread Group 1-22
2023-12-19 13:35:50,338 INFO o.a.j.t.JMeterThread: Thread started: Thread Group 1-23
2023-12-19 13:35:50,371 INFO o.a.j.t.JMeterThread: Thread started: Thread Group 1-24
2023-12-19 13:35:50,404 INFO o.a.j.t.JMeterThread: Thread started: Thread Group 1-25
2023-12-19 13:35:50,436 INFO o.a.j.t.JMeterThread: Thread started: Thread Group 1-26
2023-12-19 13:35:50,470 INFO o.a.j.t.JMeterThread: Thread started: Thread Group 1-27
2023-12-19 13:35:50,487 INFO o.a.j.t.JMeterThread: Thread is done: Thread Group 1-2
2023-12-19 13:35:50,487 INFO o.a.j.t.JMeterThread: Thread finished: Thread Group 1-2
2023-12-19 13:35:50,502 INFO o.a.j.t.JMeterThread: Thread started: Thread Group 1-28
2023-12-19 13:35:50,536 INFO o.a.j.t.JMeterThread: Thread started: Thread Group 1-29
2023-12-19 13:35:50,568 INFO o.a.j.t.JMeterThread: Thread started: Thread Group 1-30
2023-12-19 13:35:50,635 INFO o.a.j.t.JMeterThread: Thread is done: Thread Group 1-1
2023-12-19 13:35:50,635 INFO o.a.j.t.JMeterThread: Thread finished: Thread Group 1-1
2023-12-19 13:35:50,826 INFO o.a.j.t.JMeterThread: Thread is done: Thread Group 1-3
2023-12-19 13:35:50,826 INFO o.a.j.t.JMeterThread: Thread finished: Thread Group 1-3
2023-12-19 13:35:51,313 INFO o.a.j.t.JMeterThread: Thread is done: Thread Group 1-4
2023-12-19 13:35:51,313 INFO o.a.j.t.JMeterThread: Thread finished: Thread Group 1-4
2023-12-19 13:35:51,445 INFO o.a.j.t.JMeterThread: Thread is done: Thread Group 1-5
2023-12-19 13:35:51,445 INFO o.a.j.t.JMeterThread: Thread finished: Thread Group 1-5
2023-12-19 13:35:51,867 INFO o.a.j.t.JMeterThread: Thread is done: Thread Group 1-6
2023-12-19 13:35:51,868 INFO o.a.j.t.JMeterThread: Thread finished: Thread Group 1-6
2023-12-19 13:35:52,002 INFO o.a.j.t.JMeterThread: Thread is done: Thread Group 1-7
2023-12-19 13:35:52,002 INFO o.a.j.t.JMeterThread: Thread finished: Thread Group 1-7
2023-12-19 13:35:52,006 INFO o.a.j.t.JMeterThread: Thread is done: Thread Group 1-9
2023-12-19 13:35:52,006 INFO o.a.j.t.JMeterThread: Thread finished: Thread Group 1-9
2023-12-19 13:35:52,279 INFO o.a.j.t.JMeterThread: Thread is done: Thread Group 1-11
2023-12-19 13:35:52,279 INFO o.a.j.t.JMeterThread: Thread finished: Thread Group 1-11
2023-12-19 13:35:52,325 INFO o.a.j.t.JMeterThread: Thread is done: Thread Group 1-12
2023-12-19 13:35:52,326 INFO o.a.j.t.JMeterThread: Thread finished: Thread Group 1-12
2023-12-19 13:35:52,473 INFO o.a.j.t.JMeterThread: Thread is done: Thread Group 1-13
2023-12-19 13:35:52,473 INFO o.a.j.t.JMeterThread: Thread finished: Thread Group 1-13
2023-12-19 13:35:52,786 INFO o.a.j.t.JMeterThread: Thread is done: Thread Group 1-14
2023-12-19 13:35:52,786 INFO o.a.j.t.JMeterThread: Thread finished: Thread Group 1-14
2023-12-19 13:35:53,094 INFO o.a.j.t.JMeterThread: Thread is done: Thread Group 1-16
2023-12-19 13:35:53,094 INFO o.a.j.t.JMeterThread: Thread finished: Thread Group 1-16
2023-12-19 13:35:53,110 INFO o.a.j.t.JMeterThread: Thread is done: Thread Group 1-8
2023-12-19 13:35:53,110 INFO o.a.j.t.JMeterThread: Thread finished: Thread Group 1-8
2023-12-19 13:35:53,126 INFO o.a.j.t.JMeterThread: Thread is done: Thread Group 1-19
2023-12-19 13:35:53,126 INFO o.a.j.t.JMeterThread: Thread finished: Thread Group 1-19
2023-12-19 13:35:53,156 INFO o.a.j.t.JMeterThread: Thread is done: Thread Group 1-20
2023-12-19 13:35:53,156 INFO o.a.j.t.JMeterThread: Thread finished: Thread Group 1-20
2023-12-19 13:35:53,162 INFO o.a.j.t.JMeterThread: Thread is done: Thread Group 1-21
2023-12-19 13:35:53,162 INFO o.a.j.t.JMeterThread: Thread finished: Thread Group 1-21
2023-12-19 13:35:53,192 INFO o.a.j.t.JMeterThread: Thread is done: Thread Group 1-27
2023-12-19 13:35:53,192 INFO o.a.j.t.JMeterThread: Thread finished: Thread Group 1-27
2023-12-19 13:35:53,198 INFO o.a.j.t.JMeterThread: Thread is done: Thread Group 1-29
2023-12-19 13:35:53,198 INFO o.a.j.t.JMeterThread: Thread finished: Thread Group 1-29
2023-12-19 13:35:53,201 INFO o.a.j.t.JMeterThread: Thread is done: Thread Group 1-28
2023-12-19 13:35:53,201 INFO o.a.j.t.JMeterThread: Thread finished: Thread Group 1-28
2023-12-19 13:35:53,201 INFO o.a.j.t.JMeterThread: Thread is done: Thread Group 1-25
2023-12-19 13:35:53,201 INFO o.a.j.t.JMeterThread: Thread finished: Thread Group 1-25
2023-12-19 13:35:53,458 INFO o.a.j.t.JMeterThread: Thread is done: Thread Group 1-10
2023-12-19 13:35:53,458 INFO o.a.j.t.JMeterThread: Thread finished: Thread Group 1-10
2023-12-19 13:35:53,912 INFO o.a.j.t.JMeterThread: Thread is done: Thread Group 1-15
2023-12-19 13:35:53,912 INFO o.a.j.t.JMeterThread: Thread finished: Thread Group 1-15
2023-12-19 13:35:54,227 INFO o.a.j.t.JMeterThread: Thread is done: Thread Group 1-23
2023-12-19 13:35:54,227 INFO o.a.j.t.JMeterThread: Thread finished: Thread Group 1-23
2023-12-19 13:35:54,242 INFO o.a.j.t.JMeterThread: Thread is done: Thread Group 1-17
2023-12-19 13:35:54,242 INFO o.a.j.t.JMeterThread: Thread finished: Thread Group 1-17
2023-12-19 13:35:54,246 INFO o.a.j.t.JMeterThread: Thread is done: Thread Group 1-18
2023-12-19 13:35:54,246 INFO o.a.j.t.JMeterThread: Thread finished: Thread Group 1-18
2023-12-19 13:35:54,274 INFO o.a.j.t.JMeterThread: Thread is done: Thread Group 1-22
2023-12-19 13:35:54,274 INFO o.a.j.t.JMeterThread: Thread finished: Thread Group 1-22
2023-12-19 13:35:54,289 INFO o.a.j.t.JMeterThread: Thread is done: Thread Group 1-26
2023-12-19 13:35:54,289 INFO o.a.j.t.JMeterThread: Thread finished: Thread Group 1-26
2023-12-19 13:35:54,290 INFO o.a.j.t.JMeterThread: Thread is done: Thread Group 1-30
2023-12-19 13:35:54,290 INFO o.a.j.t.JMeterThread: Thread finished: Thread Group 1-30
2023-12-19 13:35:54,295 INFO o.a.j.t.JMeterThread: Thread is done: Thread Group 1-24
2023-12-19 13:35:54,295 INFO o.a.j.t.JMeterThread: Thread finished: Thread Group 1-24
2023-12-19 13:35:54,295 INFO o.a.j.e.StandardJMeterEngine: Notifying test listeners of end of test
2023-12-19 13:35:54,295 INFO o.a.j.g.u.JMeterMenuBar: setRunning(false, *local*)
2023-12-19 15:28:59,625 INFO o.a.j.e.StandardJMeterEngine: Running the test!
2023-12-19 15:28:59,625 INFO o.a.j.s.SampleEvent: List of sample_variables: []
2023-12-19 15:28:59,626 INFO o.a.j.g.u.JMeterMenuBar: setRunning(true, *local*)
2023-12-19 15:28:59,668 INFO o.a.j.e.StandardJMeterEngine: Starting ThreadGroup: 1 : Thread Group
2023-12-19 15:28:59,668 INFO o.a.j.e.StandardJMeterEngine: Starting 30 threads for group Thread Group.
2023-12-19 15:28:59,669 INFO o.a.j.e.StandardJMeterEngine: Thread will continue on error
2023-12-19 15:28:59,669 INFO o.a.j.t.ThreadGroup: Starting thread group... number=1 threads=30 ramp-up=1 delayedStart=false
2023-12-19 15:28:59,669 INFO o.a.j.t.JMeterThread: Thread started: Thread Group 1-1
2023-12-19 15:28:59,677 INFO o.a.j.t.ThreadGroup: Started thread group number 1
2023-12-19 15:28:59,677 INFO o.a.j.e.StandardJMeterEngine: All thread groups have been started
2023-12-19 15:28:59,703 INFO o.a.j.t.JMeterThread: Thread started: Thread Group 1-2
2023-12-19 15:28:59,736 INFO o.a.j.t.JMeterThread: Thread started: Thread Group 1-3
2023-12-19 15:28:59,769 INFO o.a.j.t.JMeterThread: Thread started: Thread Group 1-4
2023-12-19 15:28:59,802 INFO o.a.j.t.JMeterThread: Thread started: Thread Group 1-5
2023-12-19 15:28:59,835 INFO o.a.j.t.JMeterThread: Thread started: Thread Group 1-6
2023-12-19 15:28:59,868 INFO o.a.j.t.JMeterThread: Thread started: Thread Group 1-7
2023-12-19 15:28:59,901 INFO o.a.j.t.JMeterThread: Thread started: Thread Group 1-8
2023-12-19 15:28:59,934 INFO o.a.j.t.JMeterThread: Thread started: Thread Group 1-9
2023-12-19 15:28:59,969 INFO o.a.j.t.JMeterThread: Thread started: Thread Group 1-10
2023-12-19 15:29:00,000 INFO o.a.j.t.JMeterThread: Thread started: Thread Group 1-11
2023-12-19 15:29:00,033 INFO o.a.j.t.JMeterThread: Thread started: Thread Group 1-12
2023-12-19 15:29:00,067 INFO o.a.j.t.JMeterThread: Thread started: Thread Group 1-13
2023-12-19 15:29:00,099 INFO o.a.j.t.JMeterThread: Thread started: Thread Group 1-14
2023-12-19 15:29:00,132 INFO o.a.j.t.JMeterThread: Thread started: Thread Group 1-15
2023-12-19 15:29:00,165 INFO o.a.j.t.JMeterThread: Thread started: Thread Group 1-16
2023-12-19 15:29:00,199 INFO o.a.j.t.JMeterThread: Thread started: Thread Group 1-17
2023-12-19 15:29:00,231 INFO o.a.j.t.JMeterThread: Thread started: Thread Group 1-18
2023-12-19 15:29:00,264 INFO o.a.j.t.JMeterThread: Thread started: Thread Group 1-19
2023-12-19 15:29:00,297 INFO o.a.j.t.JMeterThread: Thread started: Thread Group 1-20
2023-12-19 15:29:00,332 INFO o.a.j.t.JMeterThread: Thread started: Thread Group 1-21
2023-12-19 15:29:00,364 INFO o.a.j.t.JMeterThread: Thread started: Thread Group 1-22
2023-12-19 15:29:00,397 INFO o.a.j.t.JMeterThread: Thread started: Thread Group 1-23
2023-12-19 15:29:00,429 INFO o.a.j.t.JMeterThread: Thread started: Thread Group 1-24
2023-12-19 15:29:00,463 INFO o.a.j.t.JMeterThread: Thread started: Thread Group 1-25
2023-12-19 15:29:00,496 INFO o.a.j.t.JMeterThread: Thread started: Thread Group 1-26
2023-12-19 15:29:00,531 INFO o.a.j.t.JMeterThread: Thread started: Thread Group 1-27
2023-12-19 15:29:00,562 INFO o.a.j.t.JMeterThread: Thread started: Thread Group 1-28
2023-12-19 15:29:00,594 INFO o.a.j.t.JMeterThread: Thread started: Thread Group 1-29
2023-12-19 15:29:00,629 INFO o.a.j.t.JMeterThread: Thread started: Thread Group 1-30
2023-12-19 15:29:01,309 INFO o.a.j.t.JMeterThread: Thread is done: Thread Group 1-1
2023-12-19 15:29:01,309 INFO o.a.j.t.JMeterThread: Thread finished: Thread Group 1-1
2023-12-19 15:29:01,890 INFO o.a.j.t.JMeterThread: Thread is done: Thread Group 1-6
2023-12-19 15:29:01,890 INFO o.a.j.t.JMeterThread: Thread finished: Thread Group 1-6
2023-12-19 15:29:01,972 INFO o.a.j.t.JMeterThread: Thread is done: Thread Group 1-5
2023-12-19 15:29:01,972 INFO o.a.j.t.JMeterThread: Thread finished: Thread Group 1-5
2023-12-19 15:29:02,402 INFO o.a.j.t.JMeterThread: Thread is done: Thread Group 1-3
2023-12-19 15:29:02,402 INFO o.a.j.t.JMeterThread: Thread finished: Thread Group 1-3
2023-12-19 15:29:02,402 INFO o.a.j.t.JMeterThread: Thread is done: Thread Group 1-2
2023-12-19 15:29:02,402 INFO o.a.j.t.JMeterThread: Thread finished: Thread Group 1-2
2023-12-19 15:29:02,448 INFO o.a.j.t.JMeterThread: Thread is done: Thread Group 1-7
2023-12-19 15:29:02,448 INFO o.a.j.t.JMeterThread: Thread finished: Thread Group 1-7
2023-12-19 15:29:02,558 INFO o.a.j.t.JMeterThread: Thread is done: Thread Group 1-8
2023-12-19 15:29:02,558 INFO o.a.j.t.JMeterThread: Thread finished: Thread Group 1-8
2023-12-19 15:29:02,607 INFO o.a.j.t.JMeterThread: Thread is done: Thread Group 1-11
2023-12-19 15:29:02,607 INFO o.a.j.t.JMeterThread: Thread finished: Thread Group 1-11
2023-12-19 15:29:03,054 INFO o.a.j.t.JMeterThread: Thread is done: Thread Group 1-14
2023-12-19 15:29:03,055 INFO o.a.j.t.JMeterThread: Thread finished: Thread Group 1-14
2023-12-19 15:29:03,159 INFO o.a.j.t.JMeterThread: Thread is done: Thread Group 1-17
2023-12-19 15:29:03,159 INFO o.a.j.t.JMeterThread: Thread finished: Thread Group 1-17
2023-12-19 15:29:03,295 INFO o.a.j.t.JMeterThread: Thread is done: Thread Group 1-23
2023-12-19 15:29:03,295 INFO o.a.j.t.JMeterThread: Thread finished: Thread Group 1-23
2023-12-19 15:29:03,314 INFO o.a.j.t.JMeterThread: Thread is done: Thread Group 1-26
2023-12-19 15:29:03,314 INFO o.a.j.t.JMeterThread: Thread finished: Thread Group 1-26
2023-12-19 15:29:03,461 INFO o.a.j.t.JMeterThread: Thread is done: Thread Group 1-4
2023-12-19 15:29:03,461 INFO o.a.j.t.JMeterThread: Thread finished: Thread Group 1-4
2023-12-19 15:29:05,345 INFO o.a.j.t.JMeterThread: Thread is done: Thread Group 1-9
2023-12-19 15:29:05,345 INFO o.a.j.t.JMeterThread: Thread is done: Thread Group 1-10
2023-12-19 15:29:05,345 INFO o.a.j.t.JMeterThread: Thread finished: Thread Group 1-9
2023-12-19 15:29:05,345 INFO o.a.j.t.JMeterThread: Thread finished: Thread Group 1-10
2023-12-19 15:29:05,611 INFO o.a.j.t.JMeterThread: Thread is done: Thread Group 1-12
2023-12-19 15:29:05,611 INFO o.a.j.t.JMeterThread: Thread finished: Thread Group 1-12
2023-12-19 15:29:05,611 INFO o.a.j.t.JMeterThread: Thread is done: Thread Group 1-13
2023-12-19 15:29:05,611 INFO o.a.j.t.JMeterThread: Thread finished: Thread Group 1-13
2023-12-19 15:29:06,804 INFO o.a.j.t.JMeterThread: Thread is done: Thread Group 1-15
2023-12-19 15:29:06,804 INFO o.a.j.t.JMeterThread: Thread finished: Thread Group 1-15
2023-12-19 15:29:06,894 INFO o.a.j.t.JMeterThread: Thread is done: Thread Group 1-16
2023-12-19 15:29:06,895 INFO o.a.j.t.JMeterThread: Thread finished: Thread Group 1-16
2023-12-19 15:29:07,028 INFO o.a.j.t.JMeterThread: Thread is done: Thread Group 1-18
2023-12-19 15:29:07,029 INFO o.a.j.t.JMeterThread: Thread finished: Thread Group 1-18
2023-12-19 15:29:07,125 INFO o.a.j.t.JMeterThread: Thread is done: Thread Group 1-19
2023-12-19 15:29:07,125 INFO o.a.j.t.JMeterThread: Thread finished: Thread Group 1-19
2023-12-19 15:29:07,177 INFO o.a.j.t.JMeterThread: Thread is done: Thread Group 1-20
2023-12-19 15:29:07,177 INFO o.a.j.t.JMeterThread: Thread finished: Thread Group 1-20
2023-12-19 15:29:07,183 INFO o.a.j.t.JMeterThread: Thread is done: Thread Group 1-25
2023-12-19 15:29:07,183 INFO o.a.j.t.JMeterThread: Thread finished: Thread Group 1-25
2023-12-19 15:29:07,199 INFO o.a.j.t.JMeterThread: Thread is done: Thread Group 1-22
2023-12-19 15:29:07,199 INFO o.a.j.t.JMeterThread: Thread finished: Thread Group 1-22
2023-12-19 15:29:07,203 INFO o.a.j.t.JMeterThread: Thread is done: Thread Group 1-24
2023-12-19 15:29:07,203 INFO o.a.j.t.JMeterThread: Thread finished: Thread Group 1-24
2023-12-19 15:29:07,267 INFO o.a.j.t.JMeterThread: Thread is done: Thread Group 1-30
2023-12-19 15:29:07,268 INFO o.a.j.t.JMeterThread: Thread finished: Thread Group 1-30
2023-12-19 15:29:07,268 INFO o.a.j.t.JMeterThread: Thread is done: Thread Group 1-21
2023-12-19 15:29:07,268 INFO o.a.j.t.JMeterThread: Thread finished: Thread Group 1-21
2023-12-19 15:29:07,268 INFO o.a.j.t.JMeterThread: Thread is done: Thread Group 1-28
2023-12-19 15:29:07,268 INFO o.a.j.t.JMeterThread: Thread is done: Thread Group 1-29
2023-12-19 15:29:07,268 INFO o.a.j.t.JMeterThread: Thread is done: Thread Group 1-27
2023-12-19 15:29:07,268 INFO o.a.j.t.JMeterThread: Thread finished: Thread Group 1-28
2023-12-19 15:29:07,269 INFO o.a.j.t.JMeterThread: Thread finished: Thread Group 1-29
2023-12-19 15:29:07,269 INFO o.a.j.t.JMeterThread: Thread finished: Thread Group 1-27
2023-12-19 15:29:07,270 INFO o.a.j.e.StandardJMeterEngine: Notifying test listeners of end of test
2023-12-19 15:29:07,271 INFO o.a.j.g.u.JMeterMenuBar: setRunning(false, *local*)
2023-12-19 15:31:31,913 INFO o.a.j.e.StandardJMeterEngine: Running the test!
2023-12-19 15:31:31,913 INFO o.a.j.s.SampleEvent: List of sample_variables: []
2023-12-19 15:31:31,951 INFO o.a.j.g.u.JMeterMenuBar: setRunning(true, *local*)
2023-12-19 15:31:31,993 INFO o.a.j.e.StandardJMeterEngine: Starting ThreadGroup: 1 : Thread Group
2023-12-19 15:31:31,993 INFO o.a.j.e.StandardJMeterEngine: Starting 30 threads for group Thread Group.
2023-12-19 15:31:31,993 INFO o.a.j.e.StandardJMeterEngine: Thread will continue on error
2023-12-19 15:31:31,993 INFO o.a.j.t.ThreadGroup: Starting thread group... number=1 threads=30 ramp-up=1 delayedStart=false
2023-12-19 15:31:31,994 INFO o.a.j.t.JMeterThread: Thread started: Thread Group 1-1
2023-12-19 15:31:32,000 INFO o.a.j.t.ThreadGroup: Started thread group number 1
2023-12-19 15:31:32,000 INFO o.a.j.e.StandardJMeterEngine: All thread groups have been started
2023-12-19 15:31:32,029 INFO o.a.j.t.JMeterThread: Thread started: Thread Group 1-2
2023-12-19 15:31:32,061 INFO o.a.j.t.JMeterThread: Thread started: Thread Group 1-3
2023-12-19 15:31:32,094 INFO o.a.j.t.JMeterThread: Thread started: Thread Group 1-4
2023-12-19 15:31:32,127 INFO o.a.j.t.JMeterThread: Thread started: Thread Group 1-5
2023-12-19 15:31:32,159 INFO o.a.j.t.JMeterThread: Thread started: Thread Group 1-6
2023-12-19 15:31:32,192 INFO o.a.j.t.JMeterThread: Thread started: Thread Group 1-7
2023-12-19 15:31:32,225 INFO o.a.j.t.JMeterThread: Thread started: Thread Group 1-8
2023-12-19 15:31:32,258 INFO o.a.j.t.JMeterThread: Thread started: Thread Group 1-9
2023-12-19 15:31:32,291 INFO o.a.j.t.JMeterThread: Thread started: Thread Group 1-10
2023-12-19 15:31:32,325 INFO o.a.j.t.JMeterThread: Thread started: Thread Group 1-11
2023-12-19 15:31:32,358 INFO o.a.j.t.JMeterThread: Thread started: Thread Group 1-12
2023-12-19 15:31:32,391 INFO o.a.j.t.JMeterThread: Thread started: Thread Group 1-13
2023-12-19 15:31:32,423 INFO o.a.j.t.JMeterThread: Thread started: Thread Group 1-14
2023-12-19 15:31:32,457 INFO o.a.j.t.JMeterThread: Thread started: Thread Group 1-15
2023-12-19 15:31:32,490 INFO o.a.j.t.JMeterThread: Thread started: Thread Group 1-16
2023-12-19 15:31:32,523 INFO o.a.j.t.JMeterThread: Thread started: Thread Group 1-17
2023-12-19 15:31:32,555 INFO o.a.j.t.JMeterThread: Thread started: Thread Group 1-18
2023-12-19 15:31:32,588 INFO o.a.j.t.JMeterThread: Thread started: Thread Group 1-19
2023-12-19 15:31:32,621 INFO o.a.j.t.JMeterThread: Thread started: Thread Group 1-20
2023-12-19 15:31:32,655 INFO o.a.j.t.JMeterThread: Thread started: Thread Group 1-21
2023-12-19 15:31:32,688 INFO o.a.j.t.JMeterThread: Thread started: Thread Group 1-22
2023-12-19 15:31:32,721 INFO o.a.j.t.JMeterThread: Thread started: Thread Group 1-23
2023-12-19 15:31:32,754 INFO o.a.j.t.JMeterThread: Thread started: Thread Group 1-24
2023-12-19 15:31:32,787 INFO o.a.j.t.JMeterThread: Thread started: Thread Group 1-25
2023-12-19 15:31:32,820 INFO o.a.j.t.JMeterThread: Thread started: Thread Group 1-26
2023-12-19 15:31:32,853 INFO o.a.j.t.JMeterThread: Thread started: Thread Group 1-27
2023-12-19 15:31:32,886 INFO o.a.j.t.JMeterThread: Thread started: Thread Group 1-28
2023-12-19 15:31:32,919 INFO o.a.j.t.JMeterThread: Thread started: Thread Group 1-29
2023-12-19 15:31:32,953 INFO o.a.j.t.JMeterThread: Thread started: Thread Group 1-30
2023-12-19 15:31:32,965 INFO o.a.j.t.JMeterThread: Thread is done: Thread Group 1-1
2023-12-19 15:31:32,965 INFO o.a.j.t.JMeterThread: Thread finished: Thread Group 1-1
2023-12-19 15:31:33,351 INFO o.a.j.t.JMeterThread: Thread is done: Thread Group 1-3
2023-12-19 15:31:33,351 INFO o.a.j.t.JMeterThread: Thread finished: Thread Group 1-3
2023-12-19 15:31:33,567 INFO o.a.j.t.JMeterThread: Thread is done: Thread Group 1-2
2023-12-19 15:31:33,567 INFO o.a.j.t.JMeterThread: Thread finished: Thread Group 1-2
2023-12-19 15:31:33,828 INFO o.a.j.t.JMeterThread: Thread is done: Thread Group 1-6
2023-12-19 15:31:33,828 INFO o.a.j.t.JMeterThread: Thread finished: Thread Group 1-6
2023-12-19 15:31:34,023 INFO o.a.j.t.JMeterThread: Thread is done: Thread Group 1-7
2023-12-19 15:31:34,024 INFO o.a.j.t.JMeterThread: Thread finished: Thread Group 1-7
2023-12-19 15:31:34,028 INFO o.a.j.t.JMeterThread: Thread is done: Thread Group 1-4
2023-12-19 15:31:34,028 INFO o.a.j.t.JMeterThread: Thread finished: Thread Group 1-4
2023-12-19 15:31:34,336 INFO o.a.j.t.JMeterThread: Thread is done: Thread Group 1-9
2023-12-19 15:31:34,336 INFO o.a.j.t.JMeterThread: Thread finished: Thread Group 1-9
2023-12-19 15:31:34,354 INFO o.a.j.t.JMeterThread: Thread is done: Thread Group 1-5
2023-12-19 15:31:34,354 INFO o.a.j.t.JMeterThread: Thread finished: Thread Group 1-5
2023-12-19 15:31:34,575 INFO o.a.j.t.JMeterThread: Thread is done: Thread Group 1-12
2023-12-19 15:31:34,575 INFO o.a.j.t.JMeterThread: Thread finished: Thread Group 1-12
2023-12-19 15:31:34,867 INFO o.a.j.t.JMeterThread: Thread is done: Thread Group 1-8
2023-12-19 15:31:34,867 INFO o.a.j.t.JMeterThread: Thread finished: Thread Group 1-8
2023-12-19 15:31:35,683 INFO o.a.j.t.JMeterThread: Thread is done: Thread Group 1-13
2023-12-19 15:31:35,683 INFO o.a.j.t.JMeterThread: Thread finished: Thread Group 1-13
2023-12-19 15:31:35,751 INFO o.a.j.t.JMeterThread: Thread is done: Thread Group 1-11
2023-12-19 15:31:35,751 INFO o.a.j.t.JMeterThread: Thread finished: Thread Group 1-11
2023-12-19 15:31:35,775 INFO o.a.j.t.JMeterThread: Thread is done: Thread Group 1-10
2023-12-19 15:31:35,776 INFO o.a.j.t.JMeterThread: Thread finished: Thread Group 1-10
2023-12-19 15:31:35,942 INFO o.a.j.t.JMeterThread: Thread is done: Thread Group 1-14
2023-12-19 15:31:35,943 INFO o.a.j.t.JMeterThread: Thread finished: Thread Group 1-14
2023-12-19 15:31:36,003 INFO o.a.j.t.JMeterThread: Thread is done: Thread Group 1-22
2023-12-19 15:31:36,003 INFO o.a.j.t.JMeterThread: Thread finished: Thread Group 1-22
2023-12-19 15:31:36,007 INFO o.a.j.t.JMeterThread: Thread is done: Thread Group 1-20
2023-12-19 15:31:36,007 INFO o.a.j.t.JMeterThread: Thread finished: Thread Group 1-20
2023-12-19 15:31:36,397 INFO o.a.j.t.JMeterThread: Thread is done: Thread Group 1-15
2023-12-19 15:31:36,398 INFO o.a.j.t.JMeterThread: Thread finished: Thread Group 1-15
2023-12-19 15:31:36,529 INFO o.a.j.t.JMeterThread: Thread is done: Thread Group 1-17
2023-12-19 15:31:36,529 INFO o.a.j.t.JMeterThread: Thread finished: Thread Group 1-17
2023-12-19 15:31:36,532 INFO o.a.j.t.JMeterThread: Thread is done: Thread Group 1-16
2023-12-19 15:31:36,532 INFO o.a.j.t.JMeterThread: Thread finished: Thread Group 1-16
2023-12-19 15:31:36,708 INFO o.a.j.t.JMeterThread: Thread is done: Thread Group 1-18
2023-12-19 15:31:36,708 INFO o.a.j.t.JMeterThread: Thread finished: Thread Group 1-18
2023-12-19 15:31:36,793 INFO o.a.j.t.JMeterThread: Thread is done: Thread Group 1-19
2023-12-19 15:31:36,793 INFO o.a.j.t.JMeterThread: Thread finished: Thread Group 1-19
2023-12-19 15:31:36,817 INFO o.a.j.t.JMeterThread: Thread is done: Thread Group 1-23
2023-12-19 15:31:36,817 INFO o.a.j.t.JMeterThread: Thread finished: Thread Group 1-23
2023-12-19 15:31:36,841 INFO o.a.j.t.JMeterThread: Thread is done: Thread Group 1-21
2023-12-19 15:31:36,841 INFO o.a.j.t.JMeterThread: Thread finished: Thread Group 1-21
2023-12-19 15:31:36,870 INFO o.a.j.t.JMeterThread: Thread is done: Thread Group 1-25
2023-12-19 15:31:36,870 INFO o.a.j.t.JMeterThread: Thread finished: Thread Group 1-25
2023-12-19 15:31:36,872 INFO o.a.j.t.JMeterThread: Thread is done: Thread Group 1-24
2023-12-19 15:31:36,873 INFO o.a.j.t.JMeterThread: Thread finished: Thread Group 1-24
2023-12-19 15:31:36,926 INFO o.a.j.t.JMeterThread: Thread is done: Thread Group 1-28
2023-12-19 15:31:36,927 INFO o.a.j.t.JMeterThread: Thread finished: Thread Group 1-28
2023-12-19 15:31:36,945 INFO o.a.j.t.JMeterThread: Thread is done: Thread Group 1-29
2023-12-19 15:31:36,946 INFO o.a.j.t.JMeterThread: Thread finished: Thread Group 1-29
2023-12-19 15:31:36,957 INFO o.a.j.t.JMeterThread: Thread is done: Thread Group 1-26
2023-12-19 15:31:36,958 INFO o.a.j.t.JMeterThread: Thread finished: Thread Group 1-26
2023-12-19 15:31:36,958 INFO o.a.j.t.JMeterThread: Thread is done: Thread Group 1-30
2023-12-19 15:31:36,958 INFO o.a.j.t.JMeterThread: Thread finished: Thread Group 1-30
2023-12-19 15:31:36,960 INFO o.a.j.t.JMeterThread: Thread is done: Thread Group 1-27
2023-12-19 15:31:36,961 INFO o.a.j.t.JMeterThread: Thread finished: Thread Group 1-27
2023-12-19 15:31:36,961 INFO o.a.j.e.StandardJMeterEngine: Notifying test listeners of end of test
2023-12-19 15:31:36,962 INFO o.a.j.g.u.JMeterMenuBar: setRunning(false, *local*)
