2023-11-24 12:05:01,305 INFO o.a.j.u.JMeterUtils: Setting Locale to en_EN
2023-11-24 12:05:01,326 INFO o.a.j.JMeter: Loading user properties from: user.properties
2023-11-24 12:05:01,326 INFO o.a.j.JMeter: Loading system properties from: system.properties
2023-11-24 12:05:01,338 INFO o.a.j.JMeter: Copyright (c) 1998-2022 The Apache Software Foundation
2023-11-24 12:05:01,338 INFO o.a.j.JMeter: Version 5.5
2023-11-24 12:05:01,338 INFO o.a.j.JMeter: java.version=17.0.6
2023-11-24 12:05:01,338 INFO o.a.j.JMeter: java.vm.name=Java HotSpot(TM) 64-Bit Server VM
2023-11-24 12:05:01,338 INFO o.a.j.JMeter: os.name=Windows 10
2023-11-24 12:05:01,338 INFO o.a.j.JMeter: os.arch=amd64
2023-11-24 12:05:01,338 INFO o.a.j.JMeter: os.version=10.0
2023-11-24 12:05:01,338 INFO o.a.j.JMeter: file.encoding=Cp1252
2023-11-24 12:05:01,338 INFO o.a.j.JMeter: java.awt.headless=true
2023-11-24 12:05:01,338 INFO o.a.j.JMeter: Max memory     =1073741824
2023-11-24 12:05:01,338 INFO o.a.j.JMeter: Available Processors =20
2023-11-24 12:05:01,346 INFO o.a.j.JMeter: Default Locale=English (EN)
2023-11-24 12:05:01,346 INFO o.a.j.JMeter: JMeter  Locale=English (EN)
2023-11-24 12:05:01,346 INFO o.a.j.JMeter: JMeterHome=C:\Users\fahim.abbas\Downloads\apache-jmeter-5.5\apache-jmeter-5.5
2023-11-24 12:05:01,346 INFO o.a.j.JMeter: user.dir  =C:\Users\fahim.abbas\Downloads\apache-jmeter-5.5\apache-jmeter-5.5\bin
2023-11-24 12:05:01,347 INFO o.a.j.JMeter: PWD       =C:\Users\fahim.abbas\Downloads\apache-jmeter-5.5\apache-jmeter-5.5\bin
2023-11-24 12:05:01,348 INFO o.a.j.JMeter: IP: 172.25.30.84 Name: P2ELT22 FullName: P2ELT22.P2E.COM
2023-11-24 12:05:01,365 INFO o.a.j.r.RmiUtils: System property 'java.rmi.server.hostname' is not defined, using localHost address
2023-11-24 12:05:01,365 INFO o.a.j.r.RmiUtils: Local IP address=172.25.30.84
2023-11-24 12:05:01,441 ERROR o.a.j.JMeter: Giving up, as server failed with:
java.rmi.server.ExportException: Listen failed on port: 0; nested exception is: 
	java.io.FileNotFoundException: rmi_keystore.jks (The system cannot find the file specified)
	at sun.rmi.transport.tcp.TCPTransport.listen(TCPTransport.java:348) ~[?:?]
	at sun.rmi.transport.tcp.TCPTransport.exportObject(TCPTransport.java:243) ~[?:?]
	at sun.rmi.transport.tcp.TCPEndpoint.exportObject(TCPEndpoint.java:415) ~[?:?]
	at sun.rmi.transport.LiveRef.exportObject(LiveRef.java:147) ~[?:?]
	at sun.rmi.server.UnicastServerRef.exportObject(UnicastServerRef.java:235) ~[?:?]
	at java.rmi.server.UnicastRemoteObject.exportObject(UnicastRemoteObject.java:475) ~[?:?]
	at java.rmi.server.UnicastRemoteObject.exportObject(UnicastRemoteObject.java:386) ~[?:?]
	at java.rmi.server.UnicastRemoteObject.<init>(UnicastRemoteObject.java:259) ~[?:?]
	at org.apache.jmeter.engine.RemoteJMeterEngineImpl.<init>(RemoteJMeterEngineImpl.java:68) ~[ApacheJMeter_core.jar:5.5]
	at org.apache.jmeter.engine.RemoteJMeterEngineImpl.startServer(RemoteJMeterEngineImpl.java:74) ~[ApacheJMeter_core.jar:5.5]
	at org.apache.jmeter.JMeter.start(JMeter.java:441) ~[ApacheJMeter_core.jar:5.5]
	at jdk.internal.reflect.NativeMethodAccessorImpl.invoke0(Native Method) ~[?:?]
	at jdk.internal.reflect.NativeMethodAccessorImpl.invoke(NativeMethodAccessorImpl.java:77) ~[?:?]
	at jdk.internal.reflect.DelegatingMethodAccessorImpl.invoke(DelegatingMethodAccessorImpl.java:43) ~[?:?]
	at java.lang.reflect.Method.invoke(Method.java:568) ~[?:?]
	at org.apache.jmeter.NewDriver.main(NewDriver.java:259) ~[ApacheJMeter.jar:5.5]
Caused by: java.io.FileNotFoundException: rmi_keystore.jks (The system cannot find the file specified)
	at java.io.FileInputStream.open0(Native Method) ~[?:?]
	at java.io.FileInputStream.open(FileInputStream.java:216) ~[?:?]
	at java.io.FileInputStream.<init>(FileInputStream.java:157) ~[?:?]
	at java.io.FileInputStream.<init>(FileInputStream.java:111) ~[?:?]
	at org.apache.jmeter.rmi.SSLRMIServerSocketFactory.loadStore(SSLRMIServerSocketFactory.java:147) ~[ApacheJMeter_core.jar:5.5]
	at org.apache.jmeter.rmi.SSLRMIServerSocketFactory.createServerSocket(SSLRMIServerSocketFactory.java:99) ~[ApacheJMeter_core.jar:5.5]
	at sun.rmi.transport.tcp.TCPEndpoint.newServerSocket(TCPEndpoint.java:673) ~[?:?]
	at sun.rmi.transport.tcp.TCPTransport.listen(TCPTransport.java:335) ~[?:?]
	... 15 more
2023-11-24 12:05:01,450 ERROR o.a.j.JMeter: An error occurred: 
java.rmi.server.ExportException: Listen failed on port: 0; nested exception is: 
	java.io.FileNotFoundException: rmi_keystore.jks (The system cannot find the file specified)
	at sun.rmi.transport.tcp.TCPTransport.listen(TCPTransport.java:348) ~[?:?]
	at sun.rmi.transport.tcp.TCPTransport.exportObject(TCPTransport.java:243) ~[?:?]
	at sun.rmi.transport.tcp.TCPEndpoint.exportObject(TCPEndpoint.java:415) ~[?:?]
	at sun.rmi.transport.LiveRef.exportObject(LiveRef.java:147) ~[?:?]
	at sun.rmi.server.UnicastServerRef.exportObject(UnicastServerRef.java:235) ~[?:?]
	at java.rmi.server.UnicastRemoteObject.exportObject(UnicastRemoteObject.java:475) ~[?:?]
	at java.rmi.server.UnicastRemoteObject.exportObject(UnicastRemoteObject.java:386) ~[?:?]
	at java.rmi.server.UnicastRemoteObject.<init>(UnicastRemoteObject.java:259) ~[?:?]
	at org.apache.jmeter.engine.RemoteJMeterEngineImpl.<init>(RemoteJMeterEngineImpl.java:68) ~[ApacheJMeter_core.jar:5.5]
	at org.apache.jmeter.engine.RemoteJMeterEngineImpl.startServer(RemoteJMeterEngineImpl.java:74) ~[ApacheJMeter_core.jar:5.5]
	at org.apache.jmeter.JMeter.start(JMeter.java:441) ~[ApacheJMeter_core.jar:5.5]
	at jdk.internal.reflect.NativeMethodAccessorImpl.invoke0(Native Method) ~[?:?]
	at jdk.internal.reflect.NativeMethodAccessorImpl.invoke(NativeMethodAccessorImpl.java:77) ~[?:?]
	at jdk.internal.reflect.DelegatingMethodAccessorImpl.invoke(DelegatingMethodAccessorImpl.java:43) ~[?:?]
	at java.lang.reflect.Method.invoke(Method.java:568) ~[?:?]
	at org.apache.jmeter.NewDriver.main(NewDriver.java:259) ~[ApacheJMeter.jar:5.5]
Caused by: java.io.FileNotFoundException: rmi_keystore.jks (The system cannot find the file specified)
	at java.io.FileInputStream.open0(Native Method) ~[?:?]
	at java.io.FileInputStream.open(FileInputStream.java:216) ~[?:?]
	at java.io.FileInputStream.<init>(FileInputStream.java:157) ~[?:?]
	at java.io.FileInputStream.<init>(FileInputStream.java:111) ~[?:?]
	at org.apache.jmeter.rmi.SSLRMIServerSocketFactory.loadStore(SSLRMIServerSocketFactory.java:147) ~[ApacheJMeter_core.jar:5.5]
	at org.apache.jmeter.rmi.SSLRMIServerSocketFactory.createServerSocket(SSLRMIServerSocketFactory.java:99) ~[ApacheJMeter_core.jar:5.5]
	at sun.rmi.transport.tcp.TCPEndpoint.newServerSocket(TCPEndpoint.java:673) ~[?:?]
	at sun.rmi.transport.tcp.TCPTransport.listen(TCPTransport.java:335) ~[?:?]
	... 15 more
